[2024/07/01 01:03:11]
{InvalidOperation}
System.Management.Automation.RuntimeException: You cannot call a method on a null-valued expression.
   at System.Management.Automation.ExceptionHandlingOps.CheckActionPreference(FunctionContext funcContext, Exception exception)
   at System.Management.Automation.Interpreter.ActionCallInstruction`2.Run(InterpretedFrame frame)
   at System.Management.Automation.Interpreter.EnterTryCatchFinallyInstruction.Run(InterpretedFrame frame)
   at System.Management.Automation.Interpreter.EnterTryCatchFinallyInstruction.Run(InterpretedFrame frame)
   at System.Management.Automation.Interpreter.Interpreter.Run(InterpretedFrame frame)
   at System.Management.Automation.Interpreter.LightLambda.RunVoid1[T0](T0 arg0)
   at System.Management.Automation.PSScriptCmdlet.RunClause(Action`1 clause, Object dollarUnderbar, Object inputToProcess)
   at System.Management.Automation.CommandProcessorBase.Complete()
"Error during Export:"
at Get-M365DSCExportContentForResource, C:\Program Files\WindowsPowerShell\Modules\Microsoft365DSC\1.24.619.1\Modules\M365DSCUtil.psm1: line 3449
at Export-TargetResource, C:\Program Files\WindowsPowerShell\Modules\Microsoft365DSC\1.24.619.1\DSCResources\MSFT_AADGroup\MSFT_AADGroup.psm1: line 1183
at Start-M365DSCConfigurationExtract, C:\Program Files\WindowsPowerShell\Modules\Microsoft365DSC\1.24.619.1\Modules\M365DSCReverse.psm1: line 682
at Export-M365DSCConfiguration, C:\Program Files\WindowsPowerShell\Modules\Microsoft365DSC\1.24.619.1\Modules\M365DSCUtil.psm1: line 1377
at <ScriptBlock>, <No file>: line 1
TenantId: interstellaroperations.onmicrosoft.com



[2024/07/01 01:03:18]
{InvalidOperation}
System.Management.Automation.RuntimeException: You cannot call a method on a null-valued expression.
   at System.Management.Automation.ExceptionHandlingOps.CheckActionPreference(FunctionContext funcContext, Exception exception)
   at System.Management.Automation.Interpreter.ActionCallInstruction`2.Run(InterpretedFrame frame)
   at System.Management.Automation.Interpreter.EnterTryCatchFinallyInstruction.Run(InterpretedFrame frame)
   at System.Management.Automation.Interpreter.EnterTryCatchFinallyInstruction.Run(InterpretedFrame frame)
   at System.Management.Automation.Interpreter.Interpreter.Run(InterpretedFrame frame)
   at System.Management.Automation.Interpreter.LightLambda.RunVoid1[T0](T0 arg0)
   at System.Management.Automation.PSScriptCmdlet.RunClause(Action`1 clause, Object dollarUnderbar, Object inputToProcess)
   at System.Management.Automation.CommandProcessorBase.Complete()
"Error during Export:"
at Get-M365DSCExportContentForResource, C:\Program Files\WindowsPowerShell\Modules\Microsoft365DSC\1.24.619.1\Modules\M365DSCUtil.psm1: line 3449
at Export-TargetResource, C:\Program Files\WindowsPowerShell\Modules\Microsoft365DSC\1.24.619.1\DSCResources\MSFT_IntuneAccountProtectionLocalAdministratorPasswordSolutionPolicy\MSFT_IntuneAccountProtectionLocalAdministratorPasswordSolutionPolicy.psm1: line 748
at Start-M365DSCConfigurationExtract, C:\Program Files\WindowsPowerShell\Modules\Microsoft365DSC\1.24.619.1\Modules\M365DSCReverse.psm1: line 682
at Export-M365DSCConfiguration, C:\Program Files\WindowsPowerShell\Modules\Microsoft365DSC\1.24.619.1\Modules\M365DSCUtil.psm1: line 1377
at <ScriptBlock>, <No file>: line 1
TenantId: interstellaroperations.onmicrosoft.com



[2024/07/01 01:03:19]
{InvalidOperation}
System.Management.Automation.RuntimeException: You cannot call a method on a null-valued expression.
   at System.Management.Automation.ExceptionHandlingOps.CheckActionPreference(FunctionContext funcContext, Exception exception)
   at System.Management.Automation.Interpreter.ActionCallInstruction`2.Run(InterpretedFrame frame)
   at System.Management.Automation.Interpreter.EnterTryCatchFinallyInstruction.Run(InterpretedFrame frame)
   at System.Management.Automation.Interpreter.EnterTryCatchFinallyInstruction.Run(InterpretedFrame frame)
   at System.Management.Automation.Interpreter.Interpreter.Run(InterpretedFrame frame)
   at System.Management.Automation.Interpreter.LightLambda.RunVoid1[T0](T0 arg0)
   at System.Management.Automation.PSScriptCmdlet.RunClause(Action`1 clause, Object dollarUnderbar, Object inputToProcess)
   at System.Management.Automation.CommandProcessorBase.Complete()
"Error during Export:"
at Get-M365DSCExportContentForResource, C:\Program Files\WindowsPowerShell\Modules\Microsoft365DSC\1.24.619.1\Modules\M365DSCUtil.psm1: line 3449
at Export-TargetResource, C:\Program Files\WindowsPowerShell\Modules\Microsoft365DSC\1.24.619.1\DSCResources\MSFT_IntuneAccountProtectionPolicy\MSFT_IntuneAccountProtectionPolicy.psm1: line 774
at Start-M365DSCConfigurationExtract, C:\Program Files\WindowsPowerShell\Modules\Microsoft365DSC\1.24.619.1\Modules\M365DSCReverse.psm1: line 682
at Export-M365DSCConfiguration, C:\Program Files\WindowsPowerShell\Modules\Microsoft365DSC\1.24.619.1\Modules\M365DSCUtil.psm1: line 1377
at <ScriptBlock>, <No file>: line 1
TenantId: interstellaroperations.onmicrosoft.com



[2024/07/01 01:03:21]
{InvalidOperation}
System.Management.Automation.RuntimeException: You cannot call a method on a null-valued expression.
   at System.Management.Automation.ExceptionHandlingOps.CheckActionPreference(FunctionContext funcContext, Exception exception)
   at System.Management.Automation.Interpreter.ActionCallInstruction`2.Run(InterpretedFrame frame)
   at System.Management.Automation.Interpreter.EnterTryCatchFinallyInstruction.Run(InterpretedFrame frame)
   at System.Management.Automation.Interpreter.EnterTryCatchFinallyInstruction.Run(InterpretedFrame frame)
   at System.Management.Automation.Interpreter.Interpreter.Run(InterpretedFrame frame)
   at System.Management.Automation.Interpreter.LightLambda.RunVoid1[T0](T0 arg0)
   at System.Management.Automation.PSScriptCmdlet.RunClause(Action`1 clause, Object dollarUnderbar, Object inputToProcess)
   at System.Management.Automation.CommandProcessorBase.Complete()
"Error during Export:"
at Get-M365DSCExportContentForResource, C:\Program Files\WindowsPowerShell\Modules\Microsoft365DSC\1.24.619.1\Modules\M365DSCUtil.psm1: line 3449
at Export-TargetResource, C:\Program Files\WindowsPowerShell\Modules\Microsoft365DSC\1.24.619.1\DSCResources\MSFT_IntuneAntivirusPolicyWindows10SettingCatalog\MSFT_IntuneAntivirusPolicyWindows10SettingCatalog.psm1: line 1652
at Start-M365DSCConfigurationExtract, C:\Program Files\WindowsPowerShell\Modules\Microsoft365DSC\1.24.619.1\Modules\M365DSCReverse.psm1: line 682
at Export-M365DSCConfiguration, C:\Program Files\WindowsPowerShell\Modules\Microsoft365DSC\1.24.619.1\Modules\M365DSCUtil.psm1: line 1377
at <ScriptBlock>, <No file>: line 1
TenantId: interstellaroperations.onmicrosoft.com



[2024/07/01 01:03:27]
{InvalidOperation}
System.Management.Automation.RuntimeException: You cannot call a method on a null-valued expression.
   at System.Management.Automation.ExceptionHandlingOps.CheckActionPreference(FunctionContext funcContext, Exception exception)
   at System.Management.Automation.Interpreter.ActionCallInstruction`2.Run(InterpretedFrame frame)
   at System.Management.Automation.Interpreter.EnterTryCatchFinallyInstruction.Run(InterpretedFrame frame)
   at System.Management.Automation.Interpreter.EnterTryCatchFinallyInstruction.Run(InterpretedFrame frame)
   at System.Management.Automation.Interpreter.Interpreter.Run(InterpretedFrame frame)
   at System.Management.Automation.Interpreter.LightLambda.RunVoid1[T0](T0 arg0)
   at System.Management.Automation.PSScriptCmdlet.RunClause(Action`1 clause, Object dollarUnderbar, Object inputToProcess)
   at System.Management.Automation.CommandProcessorBase.Complete()
"Error during Export:"
at Get-M365DSCExportContentForResource, C:\Program Files\WindowsPowerShell\Modules\Microsoft365DSC\1.24.619.1\Modules\M365DSCUtil.psm1: line 3449
at Export-TargetResource, C:\Program Files\WindowsPowerShell\Modules\Microsoft365DSC\1.24.619.1\DSCResources\MSFT_IntuneAppProtectionPolicyAndroid\MSFT_IntuneAppProtectionPolicyAndroid.psm1: line 1144
at Start-M365DSCConfigurationExtract, C:\Program Files\WindowsPowerShell\Modules\Microsoft365DSC\1.24.619.1\Modules\M365DSCReverse.psm1: line 682
at Export-M365DSCConfiguration, C:\Program Files\WindowsPowerShell\Modules\Microsoft365DSC\1.24.619.1\Modules\M365DSCUtil.psm1: line 1377
at <ScriptBlock>, <No file>: line 1
TenantId: interstellaroperations.onmicrosoft.com



[2024/07/01 01:03:28]
{InvalidOperation}
System.Management.Automation.RuntimeException: You cannot call a method on a null-valued expression.
   at System.Management.Automation.ExceptionHandlingOps.CheckActionPreference(FunctionContext funcContext, Exception exception)
   at System.Management.Automation.Interpreter.ActionCallInstruction`2.Run(InterpretedFrame frame)
   at System.Management.Automation.Interpreter.EnterTryCatchFinallyInstruction.Run(InterpretedFrame frame)
   at System.Management.Automation.Interpreter.EnterTryCatchFinallyInstruction.Run(InterpretedFrame frame)
   at System.Management.Automation.Interpreter.Interpreter.Run(InterpretedFrame frame)
   at System.Management.Automation.Interpreter.LightLambda.RunVoid1[T0](T0 arg0)
   at System.Management.Automation.PSScriptCmdlet.RunClause(Action`1 clause, Object dollarUnderbar, Object inputToProcess)
   at System.Management.Automation.CommandProcessorBase.Complete()
"Error during Export:"
at Get-M365DSCExportContentForResource, C:\Program Files\WindowsPowerShell\Modules\Microsoft365DSC\1.24.619.1\Modules\M365DSCUtil.psm1: line 3449
at Export-TargetResource, C:\Program Files\WindowsPowerShell\Modules\Microsoft365DSC\1.24.619.1\DSCResources\MSFT_IntuneAppProtectionPolicyiOS\MSFT_IntuneAppProtectionPolicyiOS.psm1: line 1191
at Start-M365DSCConfigurationExtract, C:\Program Files\WindowsPowerShell\Modules\Microsoft365DSC\1.24.619.1\Modules\M365DSCReverse.psm1: line 682
at Export-M365DSCConfiguration, C:\Program Files\WindowsPowerShell\Modules\Microsoft365DSC\1.24.619.1\Modules\M365DSCUtil.psm1: line 1377
at <ScriptBlock>, <No file>: line 1
TenantId: interstellaroperations.onmicrosoft.com



[2024/07/01 01:03:32]
{InvalidOperation}
System.Management.Automation.RuntimeException: You cannot call a method on a null-valued expression.
   at System.Management.Automation.ExceptionHandlingOps.CheckActionPreference(FunctionContext funcContext, Exception exception)
   at System.Management.Automation.Interpreter.ActionCallInstruction`2.Run(InterpretedFrame frame)
   at System.Management.Automation.Interpreter.EnterTryCatchFinallyInstruction.Run(InterpretedFrame frame)
   at System.Management.Automation.Interpreter.EnterTryCatchFinallyInstruction.Run(InterpretedFrame frame)
   at System.Management.Automation.Interpreter.Interpreter.Run(InterpretedFrame frame)
   at System.Management.Automation.Interpreter.LightLambda.RunVoid1[T0](T0 arg0)
   at System.Management.Automation.PSScriptCmdlet.RunClause(Action`1 clause, Object dollarUnderbar, Object inputToProcess)
   at System.Management.Automation.CommandProcessorBase.Complete()
"Error during Export:"
at Get-M365DSCExportContentForResource, C:\Program Files\WindowsPowerShell\Modules\Microsoft365DSC\1.24.619.1\Modules\M365DSCUtil.psm1: line 3449
at Export-TargetResource, C:\Program Files\WindowsPowerShell\Modules\Microsoft365DSC\1.24.619.1\DSCResources\MSFT_IntuneDeviceAndAppManagementAssignmentFilter\MSFT_IntuneDeviceAndAppManagementAssignmentFilter.psm1: line 455
at Start-M365DSCConfigurationExtract, C:\Program Files\WindowsPowerShell\Modules\Microsoft365DSC\1.24.619.1\Modules\M365DSCReverse.psm1: line 682
at Export-M365DSCConfiguration, C:\Program Files\WindowsPowerShell\Modules\Microsoft365DSC\1.24.619.1\Modules\M365DSCUtil.psm1: line 1377
at <ScriptBlock>, <No file>: line 1
TenantId: interstellaroperations.onmicrosoft.com



[2024/07/01 01:03:33]
{InvalidOperation}
System.Management.Automation.RuntimeException: You cannot call a method on a null-valued expression.
   at System.Management.Automation.ExceptionHandlingOps.CheckActionPreference(FunctionContext funcContext, Exception exception)
   at System.Management.Automation.Interpreter.ActionCallInstruction`2.Run(InterpretedFrame frame)
   at System.Management.Automation.Interpreter.EnterTryCatchFinallyInstruction.Run(InterpretedFrame frame)
   at System.Management.Automation.Interpreter.EnterTryCatchFinallyInstruction.Run(InterpretedFrame frame)
   at System.Management.Automation.Interpreter.Interpreter.Run(InterpretedFrame frame)
   at System.Management.Automation.Interpreter.LightLambda.RunVoid1[T0](T0 arg0)
   at System.Management.Automation.PSScriptCmdlet.RunClause(Action`1 clause, Object dollarUnderbar, Object inputToProcess)
   at System.Management.Automation.CommandProcessorBase.Complete()
"Error during Export:"
at Get-M365DSCExportContentForResource, C:\Program Files\WindowsPowerShell\Modules\Microsoft365DSC\1.24.619.1\Modules\M365DSCUtil.psm1: line 3449
at Export-TargetResource, C:\Program Files\WindowsPowerShell\Modules\Microsoft365DSC\1.24.619.1\DSCResources\MSFT_IntuneDeviceCleanupRule\MSFT_IntuneDeviceCleanupRule.psm1: line 383
at Start-M365DSCConfigurationExtract, C:\Program Files\WindowsPowerShell\Modules\Microsoft365DSC\1.24.619.1\Modules\M365DSCReverse.psm1: line 682
at Export-M365DSCConfiguration, C:\Program Files\WindowsPowerShell\Modules\Microsoft365DSC\1.24.619.1\Modules\M365DSCUtil.psm1: line 1377
at <ScriptBlock>, <No file>: line 1
TenantId: interstellaroperations.onmicrosoft.com



[2024/07/01 01:03:35]
{InvalidOperation}
System.Management.Automation.RuntimeException: You cannot call a method on a null-valued expression.
   at System.Management.Automation.ExceptionHandlingOps.CheckActionPreference(FunctionContext funcContext, Exception exception)
   at System.Management.Automation.Interpreter.ActionCallInstruction`2.Run(InterpretedFrame frame)
   at System.Management.Automation.Interpreter.EnterTryCatchFinallyInstruction.Run(InterpretedFrame frame)
   at System.Management.Automation.Interpreter.EnterTryCatchFinallyInstruction.Run(InterpretedFrame frame)
   at System.Management.Automation.Interpreter.Interpreter.Run(InterpretedFrame frame)
   at System.Management.Automation.Interpreter.LightLambda.RunVoid1[T0](T0 arg0)
   at System.Management.Automation.PSScriptCmdlet.RunClause(Action`1 clause, Object dollarUnderbar, Object inputToProcess)
   at System.Management.Automation.CommandProcessorBase.Complete()
"Error during Export:"
at Get-M365DSCExportContentForResource, C:\Program Files\WindowsPowerShell\Modules\Microsoft365DSC\1.24.619.1\Modules\M365DSCUtil.psm1: line 3449
at Export-TargetResource, C:\Program Files\WindowsPowerShell\Modules\Microsoft365DSC\1.24.619.1\DSCResources\MSFT_IntuneDeviceCompliancePolicyMacOS\MSFT_IntuneDeviceCompliancePolicyMacOS.psm1: line 787
at Start-M365DSCConfigurationExtract, C:\Program Files\WindowsPowerShell\Modules\Microsoft365DSC\1.24.619.1\Modules\M365DSCReverse.psm1: line 682
at Export-M365DSCConfiguration, C:\Program Files\WindowsPowerShell\Modules\Microsoft365DSC\1.24.619.1\Modules\M365DSCUtil.psm1: line 1377
at <ScriptBlock>, <No file>: line 1
TenantId: interstellaroperations.onmicrosoft.com



[2024/07/01 01:03:36]
{InvalidOperation}
System.Management.Automation.RuntimeException: You cannot call a method on a null-valued expression.
   at System.Management.Automation.ExceptionHandlingOps.CheckActionPreference(FunctionContext funcContext, Exception exception)
   at System.Management.Automation.Interpreter.ActionCallInstruction`2.Run(InterpretedFrame frame)
   at System.Management.Automation.Interpreter.EnterTryCatchFinallyInstruction.Run(InterpretedFrame frame)
   at System.Management.Automation.Interpreter.EnterTryCatchFinallyInstruction.Run(InterpretedFrame frame)
   at System.Management.Automation.Interpreter.Interpreter.Run(InterpretedFrame frame)
   at System.Management.Automation.Interpreter.LightLambda.RunVoid1[T0](T0 arg0)
   at System.Management.Automation.PSScriptCmdlet.RunClause(Action`1 clause, Object dollarUnderbar, Object inputToProcess)
   at System.Management.Automation.CommandProcessorBase.Complete()
"Error during Export:"
at Get-M365DSCExportContentForResource, C:\Program Files\WindowsPowerShell\Modules\Microsoft365DSC\1.24.619.1\Modules\M365DSCUtil.psm1: line 3449
at Export-TargetResource, C:\Program Files\WindowsPowerShell\Modules\Microsoft365DSC\1.24.619.1\DSCResources\MSFT_IntuneDeviceCompliancePolicyWindows10\MSFT_IntuneDeviceCompliancePolicyWindows10.psm1: line 907
at Start-M365DSCConfigurationExtract, C:\Program Files\WindowsPowerShell\Modules\Microsoft365DSC\1.24.619.1\Modules\M365DSCReverse.psm1: line 682
at Export-M365DSCConfiguration, C:\Program Files\WindowsPowerShell\Modules\Microsoft365DSC\1.24.619.1\Modules\M365DSCUtil.psm1: line 1377
at <ScriptBlock>, <No file>: line 1
TenantId: interstellaroperations.onmicrosoft.com



[2024/07/01 01:03:37]
{InvalidOperation}
System.Management.Automation.RuntimeException: You cannot call a method on a null-valued expression.
   at System.Management.Automation.ExceptionHandlingOps.CheckActionPreference(FunctionContext funcContext, Exception exception)
   at System.Management.Automation.Interpreter.ActionCallInstruction`2.Run(InterpretedFrame frame)
   at System.Management.Automation.Interpreter.EnterTryCatchFinallyInstruction.Run(InterpretedFrame frame)
   at System.Management.Automation.Interpreter.EnterTryCatchFinallyInstruction.Run(InterpretedFrame frame)
   at System.Management.Automation.Interpreter.Interpreter.Run(InterpretedFrame frame)
   at System.Management.Automation.Interpreter.LightLambda.RunVoid1[T0](T0 arg0)
   at System.Management.Automation.PSScriptCmdlet.RunClause(Action`1 clause, Object dollarUnderbar, Object inputToProcess)
   at System.Management.Automation.CommandProcessorBase.Complete()
"Error during Export:"
at Get-M365DSCExportContentForResource, C:\Program Files\WindowsPowerShell\Modules\Microsoft365DSC\1.24.619.1\Modules\M365DSCUtil.psm1: line 3449
at Export-TargetResource, C:\Program Files\WindowsPowerShell\Modules\Microsoft365DSC\1.24.619.1\DSCResources\MSFT_IntuneDeviceConfigurationAdministrativeTemplatePolicyWindows10\MSFT_IntuneDeviceConfigurationAdministrativeTemplatePolicyWindows10.psm1: line 922
at Start-M365DSCConfigurationExtract, C:\Program Files\WindowsPowerShell\Modules\Microsoft365DSC\1.24.619.1\Modules\M365DSCReverse.psm1: line 682
at Export-M365DSCConfiguration, C:\Program Files\WindowsPowerShell\Modules\Microsoft365DSC\1.24.619.1\Modules\M365DSCUtil.psm1: line 1377
at <ScriptBlock>, <No file>: line 1
TenantId: interstellaroperations.onmicrosoft.com



[2024/07/01 01:03:38]
{InvalidOperation}
System.Management.Automation.RuntimeException: You cannot call a method on a null-valued expression.
   at System.Management.Automation.ExceptionHandlingOps.CheckActionPreference(FunctionContext funcContext, Exception exception)
   at System.Management.Automation.Interpreter.ActionCallInstruction`2.Run(InterpretedFrame frame)
   at System.Management.Automation.Interpreter.EnterTryCatchFinallyInstruction.Run(InterpretedFrame frame)
   at System.Management.Automation.Interpreter.EnterTryCatchFinallyInstruction.Run(InterpretedFrame frame)
   at System.Management.Automation.Interpreter.Interpreter.Run(InterpretedFrame frame)
   at System.Management.Automation.Interpreter.LightLambda.RunVoid1[T0](T0 arg0)
   at System.Management.Automation.PSScriptCmdlet.RunClause(Action`1 clause, Object dollarUnderbar, Object inputToProcess)
   at System.Management.Automation.CommandProcessorBase.Complete()
"Error during Export:"
at Get-M365DSCExportContentForResource, C:\Program Files\WindowsPowerShell\Modules\Microsoft365DSC\1.24.619.1\Modules\M365DSCUtil.psm1: line 3449
at Export-TargetResource, C:\Program Files\WindowsPowerShell\Modules\Microsoft365DSC\1.24.619.1\DSCResources\MSFT_IntuneDeviceConfigurationCustomPolicyWindows10\MSFT_IntuneDeviceConfigurationCustomPolicyWindows10.psm1: line 671
at Start-M365DSCConfigurationExtract, C:\Program Files\WindowsPowerShell\Modules\Microsoft365DSC\1.24.619.1\Modules\M365DSCReverse.psm1: line 682
at Export-M365DSCConfiguration, C:\Program Files\WindowsPowerShell\Modules\Microsoft365DSC\1.24.619.1\Modules\M365DSCUtil.psm1: line 1377
at <ScriptBlock>, <No file>: line 1
TenantId: interstellaroperations.onmicrosoft.com



[2024/07/01 01:03:39]
{InvalidOperation}
System.Management.Automation.RuntimeException: You cannot call a method on a null-valued expression.
   at System.Management.Automation.ExceptionHandlingOps.CheckActionPreference(FunctionContext funcContext, Exception exception)
   at System.Management.Automation.Interpreter.ActionCallInstruction`2.Run(InterpretedFrame frame)
   at System.Management.Automation.Interpreter.EnterTryCatchFinallyInstruction.Run(InterpretedFrame frame)
   at System.Management.Automation.Interpreter.EnterTryCatchFinallyInstruction.Run(InterpretedFrame frame)
   at System.Management.Automation.Interpreter.Interpreter.Run(InterpretedFrame frame)
   at System.Management.Automation.Interpreter.LightLambda.RunVoid1[T0](T0 arg0)
   at System.Management.Automation.PSScriptCmdlet.RunClause(Action`1 clause, Object dollarUnderbar, Object inputToProcess)
   at System.Management.Automation.CommandProcessorBase.Complete()
"Error during Export:"
at Get-M365DSCExportContentForResource, C:\Program Files\WindowsPowerShell\Modules\Microsoft365DSC\1.24.619.1\Modules\M365DSCUtil.psm1: line 3449
at Export-TargetResource, C:\Program Files\WindowsPowerShell\Modules\Microsoft365DSC\1.24.619.1\DSCResources\MSFT_IntuneDeviceConfigurationDeliveryOptimizationPolicyWindows10\MSFT_IntuneDeviceConfigurationDeliveryOptimizationPolicyWindows10.psm1: line 938
at Start-M365DSCConfigurationExtract, C:\Program Files\WindowsPowerShell\Modules\Microsoft365DSC\1.24.619.1\Modules\M365DSCReverse.psm1: line 682
at Export-M365DSCConfiguration, C:\Program Files\WindowsPowerShell\Modules\Microsoft365DSC\1.24.619.1\Modules\M365DSCUtil.psm1: line 1377
at <ScriptBlock>, <No file>: line 1
TenantId: interstellaroperations.onmicrosoft.com



[2024/07/01 01:03:41]
{InvalidOperation}
System.Management.Automation.RuntimeException: You cannot call a method on a null-valued expression.
   at System.Management.Automation.ExceptionHandlingOps.CheckActionPreference(FunctionContext funcContext, Exception exception)
   at System.Management.Automation.Interpreter.ActionCallInstruction`2.Run(InterpretedFrame frame)
   at System.Management.Automation.Interpreter.EnterTryCatchFinallyInstruction.Run(InterpretedFrame frame)
   at System.Management.Automation.Interpreter.EnterTryCatchFinallyInstruction.Run(InterpretedFrame frame)
   at System.Management.Automation.Interpreter.Interpreter.Run(InterpretedFrame frame)
   at System.Management.Automation.Interpreter.LightLambda.RunVoid1[T0](T0 arg0)
   at System.Management.Automation.PSScriptCmdlet.RunClause(Action`1 clause, Object dollarUnderbar, Object inputToProcess)
   at System.Management.Automation.CommandProcessorBase.Complete()
"Error during Export:"
at Get-M365DSCExportContentForResource, C:\Program Files\WindowsPowerShell\Modules\Microsoft365DSC\1.24.619.1\Modules\M365DSCUtil.psm1: line 3449
at Export-TargetResource, C:\Program Files\WindowsPowerShell\Modules\Microsoft365DSC\1.24.619.1\DSCResources\MSFT_IntuneDeviceConfigurationFirmwareInterfacePolicyWindows10\MSFT_IntuneDeviceConfigurationFirmwareInterfacePolicyWindows10.psm1: line 1014
at Start-M365DSCConfigurationExtract, C:\Program Files\WindowsPowerShell\Modules\Microsoft365DSC\1.24.619.1\Modules\M365DSCReverse.psm1: line 682
at Export-M365DSCConfiguration, C:\Program Files\WindowsPowerShell\Modules\Microsoft365DSC\1.24.619.1\Modules\M365DSCUtil.psm1: line 1377
at <ScriptBlock>, <No file>: line 1
TenantId: interstellaroperations.onmicrosoft.com



[2024/07/01 01:03:41]
{InvalidOperation}
System.Management.Automation.RuntimeException: You cannot call a method on a null-valued expression.
   at System.Management.Automation.ExceptionHandlingOps.CheckActionPreference(FunctionContext funcContext, Exception exception)
   at System.Management.Automation.Interpreter.ActionCallInstruction`2.Run(InterpretedFrame frame)
   at System.Management.Automation.Interpreter.EnterTryCatchFinallyInstruction.Run(InterpretedFrame frame)
   at System.Management.Automation.Interpreter.EnterTryCatchFinallyInstruction.Run(InterpretedFrame frame)
   at System.Management.Automation.Interpreter.Interpreter.Run(InterpretedFrame frame)
   at System.Management.Automation.Interpreter.LightLambda.RunVoid1[T0](T0 arg0)
   at System.Management.Automation.PSScriptCmdlet.RunClause(Action`1 clause, Object dollarUnderbar, Object inputToProcess)
   at System.Management.Automation.CommandProcessorBase.Complete()
"Error during Export:"
at Get-M365DSCExportContentForResource, C:\Program Files\WindowsPowerShell\Modules\Microsoft365DSC\1.24.619.1\Modules\M365DSCUtil.psm1: line 3449
at Export-TargetResource, C:\Program Files\WindowsPowerShell\Modules\Microsoft365DSC\1.24.619.1\DSCResources\MSFT_IntuneDeviceConfigurationHealthMonitoringConfigurationPolicyWindows10\MSFT_IntuneDeviceConfigurationHealthMonitoringConfigurationPolicyWindows10.psm1: line 611
at Start-M365DSCConfigurationExtract, C:\Program Files\WindowsPowerShell\Modules\Microsoft365DSC\1.24.619.1\Modules\M365DSCReverse.psm1: line 682
at Export-M365DSCConfiguration, C:\Program Files\WindowsPowerShell\Modules\Microsoft365DSC\1.24.619.1\Modules\M365DSCUtil.psm1: line 1377
at <ScriptBlock>, <No file>: line 1
TenantId: interstellaroperations.onmicrosoft.com



[2024/07/01 01:03:45]
{InvalidOperation}
System.Management.Automation.RuntimeException: You cannot call a method on a null-valued expression.
   at System.Management.Automation.ExceptionHandlingOps.CheckActionPreference(FunctionContext funcContext, Exception exception)
   at System.Management.Automation.Interpreter.ActionCallInstruction`2.Run(InterpretedFrame frame)
   at System.Management.Automation.Interpreter.EnterTryCatchFinallyInstruction.Run(InterpretedFrame frame)
   at System.Management.Automation.Interpreter.EnterTryCatchFinallyInstruction.Run(InterpretedFrame frame)
   at System.Management.Automation.Interpreter.Interpreter.Run(InterpretedFrame frame)
   at System.Management.Automation.Interpreter.LightLambda.RunVoid1[T0](T0 arg0)
   at System.Management.Automation.PSScriptCmdlet.RunClause(Action`1 clause, Object dollarUnderbar, Object inputToProcess)
   at System.Management.Automation.CommandProcessorBase.Complete()
"Error during Export:"
at Get-M365DSCExportContentForResource, C:\Program Files\WindowsPowerShell\Modules\Microsoft365DSC\1.24.619.1\Modules\M365DSCUtil.psm1: line 3449
at Export-TargetResource, C:\Program Files\WindowsPowerShell\Modules\Microsoft365DSC\1.24.619.1\DSCResources\MSFT_IntuneDeviceConfigurationPolicyMacOS\MSFT_IntuneDeviceConfigurationPolicyMacOS.psm1: line 1410
at Start-M365DSCConfigurationExtract, C:\Program Files\WindowsPowerShell\Modules\Microsoft365DSC\1.24.619.1\Modules\M365DSCReverse.psm1: line 682
at Export-M365DSCConfiguration, C:\Program Files\WindowsPowerShell\Modules\Microsoft365DSC\1.24.619.1\Modules\M365DSCUtil.psm1: line 1377
at <ScriptBlock>, <No file>: line 1
TenantId: interstellaroperations.onmicrosoft.com



[2024/07/01 01:03:47]
{InvalidOperation}
System.Management.Automation.RuntimeException: You cannot call a method on a null-valued expression.
   at System.Management.Automation.ExceptionHandlingOps.CheckActionPreference(FunctionContext funcContext, Exception exception)
   at System.Management.Automation.Interpreter.ActionCallInstruction`2.Run(InterpretedFrame frame)
   at System.Management.Automation.Interpreter.EnterTryCatchFinallyInstruction.Run(InterpretedFrame frame)
   at System.Management.Automation.Interpreter.EnterTryCatchFinallyInstruction.Run(InterpretedFrame frame)
   at System.Management.Automation.Interpreter.Interpreter.Run(InterpretedFrame frame)
   at System.Management.Automation.Interpreter.LightLambda.RunVoid1[T0](T0 arg0)
   at System.Management.Automation.PSScriptCmdlet.RunClause(Action`1 clause, Object dollarUnderbar, Object inputToProcess)
   at System.Management.Automation.CommandProcessorBase.Complete()
"Error during Export:"
at Get-M365DSCExportContentForResource, C:\Program Files\WindowsPowerShell\Modules\Microsoft365DSC\1.24.619.1\Modules\M365DSCUtil.psm1: line 3449
at Export-TargetResource, C:\Program Files\WindowsPowerShell\Modules\Microsoft365DSC\1.24.619.1\DSCResources\MSFT_IntuneDeviceConfigurationPolicyWindows10\MSFT_IntuneDeviceConfigurationPolicyWindows10.psm1: line 4889
at Start-M365DSCConfigurationExtract, C:\Program Files\WindowsPowerShell\Modules\Microsoft365DSC\1.24.619.1\Modules\M365DSCReverse.psm1: line 682
at Export-M365DSCConfiguration, C:\Program Files\WindowsPowerShell\Modules\Microsoft365DSC\1.24.619.1\Modules\M365DSCUtil.psm1: line 1377
at <ScriptBlock>, <No file>: line 1
TenantId: interstellaroperations.onmicrosoft.com



[2024/07/01 01:03:47]
{InvalidOperation}
System.Management.Automation.RuntimeException: You cannot call a method on a null-valued expression.
   at System.Management.Automation.ExceptionHandlingOps.CheckActionPreference(FunctionContext funcContext, Exception exception)
   at System.Management.Automation.Interpreter.ActionCallInstruction`2.Run(InterpretedFrame frame)
   at System.Management.Automation.Interpreter.EnterTryCatchFinallyInstruction.Run(InterpretedFrame frame)
   at System.Management.Automation.Interpreter.EnterTryCatchFinallyInstruction.Run(InterpretedFrame frame)
   at System.Management.Automation.Interpreter.Interpreter.Run(InterpretedFrame frame)
   at System.Management.Automation.Interpreter.LightLambda.RunVoid1[T0](T0 arg0)
   at System.Management.Automation.PSScriptCmdlet.RunClause(Action`1 clause, Object dollarUnderbar, Object inputToProcess)
   at System.Management.Automation.CommandProcessorBase.Complete()
"Error during Export:"
at Get-M365DSCExportContentForResource, C:\Program Files\WindowsPowerShell\Modules\Microsoft365DSC\1.24.619.1\Modules\M365DSCUtil.psm1: line 3449
at Export-TargetResource, C:\Program Files\WindowsPowerShell\Modules\Microsoft365DSC\1.24.619.1\DSCResources\MSFT_IntuneDeviceConfigurationSCEPCertificatePolicyWindows10\MSFT_IntuneDeviceConfigurationSCEPCertificatePolicyWindows10.psm1: line 972
at Start-M365DSCConfigurationExtract, C:\Program Files\WindowsPowerShell\Modules\Microsoft365DSC\1.24.619.1\Modules\M365DSCReverse.psm1: line 682
at Export-M365DSCConfiguration, C:\Program Files\WindowsPowerShell\Modules\Microsoft365DSC\1.24.619.1\Modules\M365DSCUtil.psm1: line 1377
at <ScriptBlock>, <No file>: line 1
TenantId: interstellaroperations.onmicrosoft.com



[2024/07/01 01:03:48]
{InvalidOperation}
System.Management.Automation.RuntimeException: You cannot call a method on a null-valued expression.
   at System.Management.Automation.ExceptionHandlingOps.CheckActionPreference(FunctionContext funcContext, Exception exception)
   at System.Management.Automation.Interpreter.ActionCallInstruction`2.Run(InterpretedFrame frame)
   at System.Management.Automation.Interpreter.EnterTryCatchFinallyInstruction.Run(InterpretedFrame frame)
   at System.Management.Automation.Interpreter.EnterTryCatchFinallyInstruction.Run(InterpretedFrame frame)
   at System.Management.Automation.Interpreter.Interpreter.Run(InterpretedFrame frame)
   at System.Management.Automation.Interpreter.LightLambda.RunVoid1[T0](T0 arg0)
   at System.Management.Automation.PSScriptCmdlet.RunClause(Action`1 clause, Object dollarUnderbar, Object inputToProcess)
   at System.Management.Automation.CommandProcessorBase.Complete()
"Error during Export:"
at Get-M365DSCExportContentForResource, C:\Program Files\WindowsPowerShell\Modules\Microsoft365DSC\1.24.619.1\Modules\M365DSCUtil.psm1: line 3449
at Export-TargetResource, C:\Program Files\WindowsPowerShell\Modules\Microsoft365DSC\1.24.619.1\DSCResources\MSFT_IntuneDeviceConfigurationTrustedCertificatePolicyWindows10\MSFT_IntuneDeviceConfigurationTrustedCertificatePolicyWindows10.psm1: line 587
at Start-M365DSCConfigurationExtract, C:\Program Files\WindowsPowerShell\Modules\Microsoft365DSC\1.24.619.1\Modules\M365DSCReverse.psm1: line 682
at Export-M365DSCConfiguration, C:\Program Files\WindowsPowerShell\Modules\Microsoft365DSC\1.24.619.1\Modules\M365DSCUtil.psm1: line 1377
at <ScriptBlock>, <No file>: line 1
TenantId: interstellaroperations.onmicrosoft.com



[2024/07/01 01:03:53]
{InvalidOperation}
System.Management.Automation.RuntimeException: You cannot call a method on a null-valued expression.
   at System.Management.Automation.ExceptionHandlingOps.CheckActionPreference(FunctionContext funcContext, Exception exception)
   at System.Management.Automation.Interpreter.ActionCallInstruction`2.Run(InterpretedFrame frame)
   at System.Management.Automation.Interpreter.EnterTryCatchFinallyInstruction.Run(InterpretedFrame frame)
   at System.Management.Automation.Interpreter.EnterTryCatchFinallyInstruction.Run(InterpretedFrame frame)
   at System.Management.Automation.Interpreter.Interpreter.Run(InterpretedFrame frame)
   at System.Management.Automation.Interpreter.LightLambda.RunVoid1[T0](T0 arg0)
   at System.Management.Automation.PSScriptCmdlet.RunClause(Action`1 clause, Object dollarUnderbar, Object inputToProcess)
   at System.Management.Automation.CommandProcessorBase.Complete()
"Error during Export:"
at Get-M365DSCExportContentForResource, C:\Program Files\WindowsPowerShell\Modules\Microsoft365DSC\1.24.619.1\Modules\M365DSCUtil.psm1: line 3449
at Export-TargetResource, C:\Program Files\WindowsPowerShell\Modules\Microsoft365DSC\1.24.619.1\DSCResources\MSFT_IntuneDeviceEnrollmentLimitRestriction\MSFT_IntuneDeviceEnrollmentLimitRestriction.psm1: line 384
at Start-M365DSCConfigurationExtract, C:\Program Files\WindowsPowerShell\Modules\Microsoft365DSC\1.24.619.1\Modules\M365DSCReverse.psm1: line 682
at Export-M365DSCConfiguration, C:\Program Files\WindowsPowerShell\Modules\Microsoft365DSC\1.24.619.1\Modules\M365DSCUtil.psm1: line 1377
at <ScriptBlock>, <No file>: line 1
TenantId: interstellaroperations.onmicrosoft.com



[2024/07/01 01:03:54]
{InvalidOperation}
System.Management.Automation.RuntimeException: You cannot call a method on a null-valued expression.
   at System.Management.Automation.ExceptionHandlingOps.CheckActionPreference(FunctionContext funcContext, Exception exception)
   at System.Management.Automation.Interpreter.ActionCallInstruction`2.Run(InterpretedFrame frame)
   at System.Management.Automation.Interpreter.EnterTryCatchFinallyInstruction.Run(InterpretedFrame frame)
   at System.Management.Automation.Interpreter.EnterTryCatchFinallyInstruction.Run(InterpretedFrame frame)
   at System.Management.Automation.Interpreter.Interpreter.Run(InterpretedFrame frame)
   at System.Management.Automation.Interpreter.LightLambda.RunVoid1[T0](T0 arg0)
   at System.Management.Automation.PSScriptCmdlet.RunClause(Action`1 clause, Object dollarUnderbar, Object inputToProcess)
   at System.Management.Automation.CommandProcessorBase.Complete()
"Error during Export:"
at Get-M365DSCExportContentForResource, C:\Program Files\WindowsPowerShell\Modules\Microsoft365DSC\1.24.619.1\Modules\M365DSCUtil.psm1: line 3449
at Export-TargetResource, C:\Program Files\WindowsPowerShell\Modules\Microsoft365DSC\1.24.619.1\DSCResources\MSFT_IntuneDeviceEnrollmentPlatformRestriction\MSFT_IntuneDeviceEnrollmentPlatformRestriction.psm1: line 869
at Start-M365DSCConfigurationExtract, C:\Program Files\WindowsPowerShell\Modules\Microsoft365DSC\1.24.619.1\Modules\M365DSCReverse.psm1: line 682
at Export-M365DSCConfiguration, C:\Program Files\WindowsPowerShell\Modules\Microsoft365DSC\1.24.619.1\Modules\M365DSCUtil.psm1: line 1377
at <ScriptBlock>, <No file>: line 1
TenantId: interstellaroperations.onmicrosoft.com



[2024/07/01 01:03:56]
{InvalidOperation}
System.Management.Automation.RuntimeException: You cannot call a method on a null-valued expression.
   at System.Management.Automation.ExceptionHandlingOps.CheckActionPreference(FunctionContext funcContext, Exception exception)
   at System.Management.Automation.Interpreter.ActionCallInstruction`2.Run(InterpretedFrame frame)
   at System.Management.Automation.Interpreter.EnterTryCatchFinallyInstruction.Run(InterpretedFrame frame)
   at System.Management.Automation.Interpreter.EnterTryCatchFinallyInstruction.Run(InterpretedFrame frame)
   at System.Management.Automation.Interpreter.Interpreter.Run(InterpretedFrame frame)
   at System.Management.Automation.Interpreter.LightLambda.RunVoid1[T0](T0 arg0)
   at System.Management.Automation.PSScriptCmdlet.RunClause(Action`1 clause, Object dollarUnderbar, Object inputToProcess)
   at System.Management.Automation.CommandProcessorBase.Complete()
"Error during Export:"
at Get-M365DSCExportContentForResource, C:\Program Files\WindowsPowerShell\Modules\Microsoft365DSC\1.24.619.1\Modules\M365DSCUtil.psm1: line 3449
at Export-TargetResource, C:\Program Files\WindowsPowerShell\Modules\Microsoft365DSC\1.24.619.1\DSCResources\MSFT_IntuneDeviceEnrollmentStatusPageWindows10\MSFT_IntuneDeviceEnrollmentStatusPageWindows10.psm1: line 781
at Start-M365DSCConfigurationExtract, C:\Program Files\WindowsPowerShell\Modules\Microsoft365DSC\1.24.619.1\Modules\M365DSCReverse.psm1: line 682
at Export-M365DSCConfiguration, C:\Program Files\WindowsPowerShell\Modules\Microsoft365DSC\1.24.619.1\Modules\M365DSCUtil.psm1: line 1377
at <ScriptBlock>, <No file>: line 1
TenantId: interstellaroperations.onmicrosoft.com



[2024/07/01 01:03:58]
{InvalidOperation}
System.Management.Automation.RuntimeException: You cannot call a method on a null-valued expression.
   at System.Management.Automation.ExceptionHandlingOps.CheckActionPreference(FunctionContext funcContext, Exception exception)
   at System.Management.Automation.Interpreter.ActionCallInstruction`2.Run(InterpretedFrame frame)
   at System.Management.Automation.Interpreter.EnterTryCatchFinallyInstruction.Run(InterpretedFrame frame)
   at System.Management.Automation.Interpreter.EnterTryCatchFinallyInstruction.Run(InterpretedFrame frame)
   at System.Management.Automation.Interpreter.Interpreter.Run(InterpretedFrame frame)
   at System.Management.Automation.Interpreter.LightLambda.RunVoid1[T0](T0 arg0)
   at System.Management.Automation.PSScriptCmdlet.RunClause(Action`1 clause, Object dollarUnderbar, Object inputToProcess)
   at System.Management.Automation.CommandProcessorBase.Complete()
"Error during Export:"
at Get-M365DSCExportContentForResource, C:\Program Files\WindowsPowerShell\Modules\Microsoft365DSC\1.24.619.1\Modules\M365DSCUtil.psm1: line 3449
at Export-TargetResource, C:\Program Files\WindowsPowerShell\Modules\Microsoft365DSC\1.24.619.1\DSCResources\MSFT_IntuneEndpointDetectionAndResponsePolicyWindows10\MSFT_IntuneEndpointDetectionAndResponsePolicyWindows10.psm1: line 615
at Start-M365DSCConfigurationExtract, C:\Program Files\WindowsPowerShell\Modules\Microsoft365DSC\1.24.619.1\Modules\M365DSCReverse.psm1: line 682
at Export-M365DSCConfiguration, C:\Program Files\WindowsPowerShell\Modules\Microsoft365DSC\1.24.619.1\Modules\M365DSCUtil.psm1: line 1377
at <ScriptBlock>, <No file>: line 1
TenantId: interstellaroperations.onmicrosoft.com



[2024/07/01 01:04:08]
{InvalidOperation}
System.Management.Automation.RuntimeException: You cannot call a method on a null-valued expression.
   at System.Management.Automation.ExceptionHandlingOps.CheckActionPreference(FunctionContext funcContext, Exception exception)
   at System.Management.Automation.Interpreter.ActionCallInstruction`2.Run(InterpretedFrame frame)
   at System.Management.Automation.Interpreter.EnterTryCatchFinallyInstruction.Run(InterpretedFrame frame)
   at System.Management.Automation.Interpreter.EnterTryCatchFinallyInstruction.Run(InterpretedFrame frame)
   at System.Management.Automation.Interpreter.Interpreter.Run(InterpretedFrame frame)
   at System.Management.Automation.Interpreter.LightLambda.RunVoid1[T0](T0 arg0)
   at System.Management.Automation.PSScriptCmdlet.RunClause(Action`1 clause, Object dollarUnderbar, Object inputToProcess)
   at System.Management.Automation.CommandProcessorBase.Complete()
"Error during Export:"
at Get-M365DSCExportContentForResource, C:\Program Files\WindowsPowerShell\Modules\Microsoft365DSC\1.24.619.1\Modules\M365DSCUtil.psm1: line 3449
at Export-TargetResource, C:\Program Files\WindowsPowerShell\Modules\Microsoft365DSC\1.24.619.1\DSCResources\MSFT_IntuneRoleAssignment\MSFT_IntuneRoleAssignment.psm1: line 717
at Start-M365DSCConfigurationExtract, C:\Program Files\WindowsPowerShell\Modules\Microsoft365DSC\1.24.619.1\Modules\M365DSCReverse.psm1: line 682
at Export-M365DSCConfiguration, C:\Program Files\WindowsPowerShell\Modules\Microsoft365DSC\1.24.619.1\Modules\M365DSCUtil.psm1: line 1377
at <ScriptBlock>, <No file>: line 1
TenantId: interstellaroperations.onmicrosoft.com



[2024/07/01 01:04:08]
{InvalidOperation}
System.Management.Automation.RuntimeException: You cannot call a method on a null-valued expression.
   at System.Management.Automation.ExceptionHandlingOps.CheckActionPreference(FunctionContext funcContext, Exception exception)
   at System.Management.Automation.Interpreter.ActionCallInstruction`2.Run(InterpretedFrame frame)
   at System.Management.Automation.Interpreter.EnterTryCatchFinallyInstruction.Run(InterpretedFrame frame)
   at System.Management.Automation.Interpreter.EnterTryCatchFinallyInstruction.Run(InterpretedFrame frame)
   at System.Management.Automation.Interpreter.Interpreter.Run(InterpretedFrame frame)
   at System.Management.Automation.Interpreter.LightLambda.RunVoid1[T0](T0 arg0)
   at System.Management.Automation.PSScriptCmdlet.RunClause(Action`1 clause, Object dollarUnderbar, Object inputToProcess)
   at System.Management.Automation.CommandProcessorBase.Complete()
"Error during Export:"
at Get-M365DSCExportContentForResource, C:\Program Files\WindowsPowerShell\Modules\Microsoft365DSC\1.24.619.1\Modules\M365DSCUtil.psm1: line 3449
at Export-TargetResource, C:\Program Files\WindowsPowerShell\Modules\Microsoft365DSC\1.24.619.1\DSCResources\MSFT_IntuneRoleDefinition\MSFT_IntuneRoleDefinition.psm1: line 556
at Start-M365DSCConfigurationExtract, C:\Program Files\WindowsPowerShell\Modules\Microsoft365DSC\1.24.619.1\Modules\M365DSCReverse.psm1: line 682
at Export-M365DSCConfiguration, C:\Program Files\WindowsPowerShell\Modules\Microsoft365DSC\1.24.619.1\Modules\M365DSCUtil.psm1: line 1377
at <ScriptBlock>, <No file>: line 1
TenantId: interstellaroperations.onmicrosoft.com



[2024/07/01 01:04:10]
{InvalidOperation}
System.Management.Automation.RuntimeException: You cannot call a method on a null-valued expression.
   at System.Management.Automation.ExceptionHandlingOps.CheckActionPreference(FunctionContext funcContext, Exception exception)
   at System.Management.Automation.Interpreter.ActionCallInstruction`2.Run(InterpretedFrame frame)
   at System.Management.Automation.Interpreter.EnterTryCatchFinallyInstruction.Run(InterpretedFrame frame)
   at System.Management.Automation.Interpreter.EnterTryCatchFinallyInstruction.Run(InterpretedFrame frame)
   at System.Management.Automation.Interpreter.Interpreter.Run(InterpretedFrame frame)
   at System.Management.Automation.Interpreter.LightLambda.RunVoid1[T0](T0 arg0)
   at System.Management.Automation.PSScriptCmdlet.RunClause(Action`1 clause, Object dollarUnderbar, Object inputToProcess)
   at System.Management.Automation.CommandProcessorBase.Complete()
"Error during Export:"
at Get-M365DSCExportContentForResource, C:\Program Files\WindowsPowerShell\Modules\Microsoft365DSC\1.24.619.1\Modules\M365DSCUtil.psm1: line 3449
at Export-TargetResource, C:\Program Files\WindowsPowerShell\Modules\Microsoft365DSC\1.24.619.1\DSCResources\MSFT_IntuneSettingCatalogASRRulesPolicyWindows10\MSFT_IntuneSettingCatalogASRRulesPolicyWindows10.psm1: line 962
at Start-M365DSCConfigurationExtract, C:\Program Files\WindowsPowerShell\Modules\Microsoft365DSC\1.24.619.1\Modules\M365DSCReverse.psm1: line 682
at Export-M365DSCConfiguration, C:\Program Files\WindowsPowerShell\Modules\Microsoft365DSC\1.24.619.1\Modules\M365DSCUtil.psm1: line 1377
at <ScriptBlock>, <No file>: line 1
TenantId: interstellaroperations.onmicrosoft.com



[2024/07/01 01:04:11]
{InvalidOperation}
System.Management.Automation.RuntimeException: You cannot call a method on a null-valued expression.
   at System.Management.Automation.ExceptionHandlingOps.CheckActionPreference(FunctionContext funcContext, Exception exception)
   at System.Management.Automation.Interpreter.ActionCallInstruction`2.Run(InterpretedFrame frame)
   at System.Management.Automation.Interpreter.EnterTryCatchFinallyInstruction.Run(InterpretedFrame frame)
   at System.Management.Automation.Interpreter.EnterTryCatchFinallyInstruction.Run(InterpretedFrame frame)
   at System.Management.Automation.Interpreter.Interpreter.Run(InterpretedFrame frame)
   at System.Management.Automation.Interpreter.LightLambda.RunVoid1[T0](T0 arg0)
   at System.Management.Automation.PSScriptCmdlet.RunClause(Action`1 clause, Object dollarUnderbar, Object inputToProcess)
   at System.Management.Automation.CommandProcessorBase.Complete()
"Error during Export:"
at Get-M365DSCExportContentForResource, C:\Program Files\WindowsPowerShell\Modules\Microsoft365DSC\1.24.619.1\Modules\M365DSCUtil.psm1: line 3449
at Export-TargetResource, C:\Program Files\WindowsPowerShell\Modules\Microsoft365DSC\1.24.619.1\DSCResources\MSFT_IntuneSettingCatalogCustomPolicyWindows10\MSFT_IntuneSettingCatalogCustomPolicyWindows10.psm1: line 715
at Start-M365DSCConfigurationExtract, C:\Program Files\WindowsPowerShell\Modules\Microsoft365DSC\1.24.619.1\Modules\M365DSCReverse.psm1: line 682
at Export-M365DSCConfiguration, C:\Program Files\WindowsPowerShell\Modules\Microsoft365DSC\1.24.619.1\Modules\M365DSCUtil.psm1: line 1377
at <ScriptBlock>, <No file>: line 1
TenantId: interstellaroperations.onmicrosoft.com



[2024/07/01 01:04:13]
{InvalidOperation}
System.Management.Automation.RuntimeException: You cannot call a method on a null-valued expression.
   at System.Management.Automation.ExceptionHandlingOps.CheckActionPreference(FunctionContext funcContext, Exception exception)
   at System.Management.Automation.Interpreter.ActionCallInstruction`2.Run(InterpretedFrame frame)
   at System.Management.Automation.Interpreter.EnterTryCatchFinallyInstruction.Run(InterpretedFrame frame)
   at System.Management.Automation.Interpreter.EnterTryCatchFinallyInstruction.Run(InterpretedFrame frame)
   at System.Management.Automation.Interpreter.Interpreter.Run(InterpretedFrame frame)
   at System.Management.Automation.Interpreter.LightLambda.RunVoid1[T0](T0 arg0)
   at System.Management.Automation.PSScriptCmdlet.RunClause(Action`1 clause, Object dollarUnderbar, Object inputToProcess)
   at System.Management.Automation.CommandProcessorBase.Complete()
"Error during Export:"
at Get-M365DSCExportContentForResource, C:\Program Files\WindowsPowerShell\Modules\Microsoft365DSC\1.24.619.1\Modules\M365DSCUtil.psm1: line 3449
at Export-TargetResource, C:\Program Files\WindowsPowerShell\Modules\Microsoft365DSC\1.24.619.1\DSCResources\MSFT_IntuneWifiConfigurationPolicyMacOS\MSFT_IntuneWifiConfigurationPolicyMacOS.psm1: line 739
at Start-M365DSCConfigurationExtract, C:\Program Files\WindowsPowerShell\Modules\Microsoft365DSC\1.24.619.1\Modules\M365DSCReverse.psm1: line 682
at Export-M365DSCConfiguration, C:\Program Files\WindowsPowerShell\Modules\Microsoft365DSC\1.24.619.1\Modules\M365DSCUtil.psm1: line 1377
at <ScriptBlock>, <No file>: line 1
TenantId: interstellaroperations.onmicrosoft.com



[2024/07/01 01:04:14]
{InvalidOperation}
System.Management.Automation.RuntimeException: You cannot call a method on a null-valued expression.
   at System.Management.Automation.ExceptionHandlingOps.CheckActionPreference(FunctionContext funcContext, Exception exception)
   at System.Management.Automation.Interpreter.ActionCallInstruction`2.Run(InterpretedFrame frame)
   at System.Management.Automation.Interpreter.EnterTryCatchFinallyInstruction.Run(InterpretedFrame frame)
   at System.Management.Automation.Interpreter.EnterTryCatchFinallyInstruction.Run(InterpretedFrame frame)
   at System.Management.Automation.Interpreter.Interpreter.Run(InterpretedFrame frame)
   at System.Management.Automation.Interpreter.LightLambda.RunVoid1[T0](T0 arg0)
   at System.Management.Automation.PSScriptCmdlet.RunClause(Action`1 clause, Object dollarUnderbar, Object inputToProcess)
   at System.Management.Automation.CommandProcessorBase.Complete()
"Error during Export:"
at Get-M365DSCExportContentForResource, C:\Program Files\WindowsPowerShell\Modules\Microsoft365DSC\1.24.619.1\Modules\M365DSCUtil.psm1: line 3449
at Export-TargetResource, C:\Program Files\WindowsPowerShell\Modules\Microsoft365DSC\1.24.619.1\DSCResources\MSFT_IntuneWifiConfigurationPolicyWindows10\MSFT_IntuneWifiConfigurationPolicyWindows10.psm1: line 782
at Start-M365DSCConfigurationExtract, C:\Program Files\WindowsPowerShell\Modules\Microsoft365DSC\1.24.619.1\Modules\M365DSCReverse.psm1: line 682
at Export-M365DSCConfiguration, C:\Program Files\WindowsPowerShell\Modules\Microsoft365DSC\1.24.619.1\Modules\M365DSCUtil.psm1: line 1377
at <ScriptBlock>, <No file>: line 1
TenantId: interstellaroperations.onmicrosoft.com



[2024/07/01 01:04:15]
{InvalidOperation}
System.Management.Automation.RuntimeException: You cannot call a method on a null-valued expression.
   at System.Management.Automation.ExceptionHandlingOps.CheckActionPreference(FunctionContext funcContext, Exception exception)
   at System.Management.Automation.Interpreter.ActionCallInstruction`2.Run(InterpretedFrame frame)
   at System.Management.Automation.Interpreter.EnterTryCatchFinallyInstruction.Run(InterpretedFrame frame)
   at System.Management.Automation.Interpreter.EnterTryCatchFinallyInstruction.Run(InterpretedFrame frame)
   at System.Management.Automation.Interpreter.Interpreter.Run(InterpretedFrame frame)
   at System.Management.Automation.Interpreter.LightLambda.RunVoid1[T0](T0 arg0)
   at System.Management.Automation.PSScriptCmdlet.RunClause(Action`1 clause, Object dollarUnderbar, Object inputToProcess)
   at System.Management.Automation.CommandProcessorBase.Complete()
"Error during Export:"
at Get-M365DSCExportContentForResource, C:\Program Files\WindowsPowerShell\Modules\Microsoft365DSC\1.24.619.1\Modules\M365DSCUtil.psm1: line 3449
at Export-TargetResource, C:\Program Files\WindowsPowerShell\Modules\Microsoft365DSC\1.24.619.1\DSCResources\MSFT_IntuneWindowsAutopilotDeploymentProfileAzureADJoined\MSFT_IntuneWindowsAutopilotDeploymentProfileAzureADJoined.psm1: line 768
at Start-M365DSCConfigurationExtract, C:\Program Files\WindowsPowerShell\Modules\Microsoft365DSC\1.24.619.1\Modules\M365DSCReverse.psm1: line 682
at Export-M365DSCConfiguration, C:\Program Files\WindowsPowerShell\Modules\Microsoft365DSC\1.24.619.1\Modules\M365DSCUtil.psm1: line 1377
at <ScriptBlock>, <No file>: line 1
TenantId: interstellaroperations.onmicrosoft.com



[2024/07/01 01:04:16]
{InvalidOperation}
System.Management.Automation.RuntimeException: You cannot call a method on a null-valued expression.
   at System.Management.Automation.ExceptionHandlingOps.CheckActionPreference(FunctionContext funcContext, Exception exception)
   at System.Management.Automation.Interpreter.ActionCallInstruction`2.Run(InterpretedFrame frame)
   at System.Management.Automation.Interpreter.EnterTryCatchFinallyInstruction.Run(InterpretedFrame frame)
   at System.Management.Automation.Interpreter.EnterTryCatchFinallyInstruction.Run(InterpretedFrame frame)
   at System.Management.Automation.Interpreter.Interpreter.Run(InterpretedFrame frame)
   at System.Management.Automation.Interpreter.LightLambda.RunVoid1[T0](T0 arg0)
   at System.Management.Automation.PSScriptCmdlet.RunClause(Action`1 clause, Object dollarUnderbar, Object inputToProcess)
   at System.Management.Automation.CommandProcessorBase.Complete()
"Error during Export:"
at Get-M365DSCExportContentForResource, C:\Program Files\WindowsPowerShell\Modules\Microsoft365DSC\1.24.619.1\Modules\M365DSCUtil.psm1: line 3449
at Export-TargetResource, C:\Program Files\WindowsPowerShell\Modules\Microsoft365DSC\1.24.619.1\DSCResources\MSFT_IntuneWindowsUpdateForBusinessFeatureUpdateProfileWindows10\MSFT_IntuneWindowsUpdateForBusinessFeatureUpdateProfileWindows10.psm1: line 600
at Start-M365DSCConfigurationExtract, C:\Program Files\WindowsPowerShell\Modules\Microsoft365DSC\1.24.619.1\Modules\M365DSCReverse.psm1: line 682
at Export-M365DSCConfiguration, C:\Program Files\WindowsPowerShell\Modules\Microsoft365DSC\1.24.619.1\Modules\M365DSCUtil.psm1: line 1377
at <ScriptBlock>, <No file>: line 1
TenantId: interstellaroperations.onmicrosoft.com



[2024/07/01 01:04:53]
{InvalidOperation}
System.Management.Automation.RuntimeException: You cannot call a method on a null-valued expression.
   at System.Management.Automation.ExceptionHandlingOps.CheckActionPreference(FunctionContext funcContext, Exception exception)
   at Get-M365DSCExportContentForResource(Closure, FunctionContext)
   at System.Management.Automation.PSScriptCmdlet.RunClause(Action`1 clause, Object dollarUnderbar, Object inputToProcess)
   at System.Management.Automation.CommandProcessorBase.Complete()
"Error during Export:"
at Get-M365DSCExportContentForResource, C:\Program Files\WindowsPowerShell\Modules\Microsoft365DSC\1.24.619.1\Modules\M365DSCUtil.psm1: line 3449
at Export-TargetResource, C:\Program Files\WindowsPowerShell\Modules\Microsoft365DSC\1.24.619.1\DSCResources\MSFT_AADGroup\MSFT_AADGroup.psm1: line 1183
at Start-M365DSCConfigurationExtract, C:\Program Files\WindowsPowerShell\Modules\Microsoft365DSC\1.24.619.1\Modules\M365DSCReverse.psm1: line 682
at Export-M365DSCConfiguration, C:\Program Files\WindowsPowerShell\Modules\Microsoft365DSC\1.24.619.1\Modules\M365DSCUtil.psm1: line 1377
at <ScriptBlock>, <No file>: line 1
TenantId: interstellaroperations.onmicrosoft.com



[2024/07/01 01:04:54]
{InvalidOperation}
System.Management.Automation.RuntimeException: You cannot call a method on a null-valued expression.
   at System.Management.Automation.ExceptionHandlingOps.CheckActionPreference(FunctionContext funcContext, Exception exception)
   at Get-M365DSCExportContentForResource(Closure, FunctionContext)
   at System.Management.Automation.PSScriptCmdlet.RunClause(Action`1 clause, Object dollarUnderbar, Object inputToProcess)
   at System.Management.Automation.CommandProcessorBase.Complete()
"Error during Export:"
at Get-M365DSCExportContentForResource, C:\Program Files\WindowsPowerShell\Modules\Microsoft365DSC\1.24.619.1\Modules\M365DSCUtil.psm1: line 3449
at Export-TargetResource, C:\Program Files\WindowsPowerShell\Modules\Microsoft365DSC\1.24.619.1\DSCResources\MSFT_IntuneAccountProtectionLocalAdministratorPasswordSolutionPolicy\MSFT_IntuneAccountProtectionLocalAdministratorPasswordSolutionPolicy.psm1: line 748
at Start-M365DSCConfigurationExtract, C:\Program Files\WindowsPowerShell\Modules\Microsoft365DSC\1.24.619.1\Modules\M365DSCReverse.psm1: line 682
at Export-M365DSCConfiguration, C:\Program Files\WindowsPowerShell\Modules\Microsoft365DSC\1.24.619.1\Modules\M365DSCUtil.psm1: line 1377
at <ScriptBlock>, <No file>: line 1
TenantId: interstellaroperations.onmicrosoft.com



[2024/07/01 01:04:55]
{InvalidOperation}
System.Management.Automation.RuntimeException: You cannot call a method on a null-valued expression.
   at System.Management.Automation.ExceptionHandlingOps.CheckActionPreference(FunctionContext funcContext, Exception exception)
   at Get-M365DSCExportContentForResource(Closure, FunctionContext)
   at System.Management.Automation.PSScriptCmdlet.RunClause(Action`1 clause, Object dollarUnderbar, Object inputToProcess)
   at System.Management.Automation.CommandProcessorBase.Complete()
"Error during Export:"
at Get-M365DSCExportContentForResource, C:\Program Files\WindowsPowerShell\Modules\Microsoft365DSC\1.24.619.1\Modules\M365DSCUtil.psm1: line 3449
at Export-TargetResource, C:\Program Files\WindowsPowerShell\Modules\Microsoft365DSC\1.24.619.1\DSCResources\MSFT_IntuneAccountProtectionPolicy\MSFT_IntuneAccountProtectionPolicy.psm1: line 774
at Start-M365DSCConfigurationExtract, C:\Program Files\WindowsPowerShell\Modules\Microsoft365DSC\1.24.619.1\Modules\M365DSCReverse.psm1: line 682
at Export-M365DSCConfiguration, C:\Program Files\WindowsPowerShell\Modules\Microsoft365DSC\1.24.619.1\Modules\M365DSCUtil.psm1: line 1377
at <ScriptBlock>, <No file>: line 1
TenantId: interstellaroperations.onmicrosoft.com



[2024/07/01 01:04:56]
{InvalidOperation}
System.Management.Automation.RuntimeException: You cannot call a method on a null-valued expression.
   at System.Management.Automation.ExceptionHandlingOps.CheckActionPreference(FunctionContext funcContext, Exception exception)
   at Get-M365DSCExportContentForResource(Closure, FunctionContext)
   at System.Management.Automation.PSScriptCmdlet.RunClause(Action`1 clause, Object dollarUnderbar, Object inputToProcess)
   at System.Management.Automation.CommandProcessorBase.Complete()
"Error during Export:"
at Get-M365DSCExportContentForResource, C:\Program Files\WindowsPowerShell\Modules\Microsoft365DSC\1.24.619.1\Modules\M365DSCUtil.psm1: line 3449
at Export-TargetResource, C:\Program Files\WindowsPowerShell\Modules\Microsoft365DSC\1.24.619.1\DSCResources\MSFT_IntuneAntivirusPolicyWindows10SettingCatalog\MSFT_IntuneAntivirusPolicyWindows10SettingCatalog.psm1: line 1652
at Start-M365DSCConfigurationExtract, C:\Program Files\WindowsPowerShell\Modules\Microsoft365DSC\1.24.619.1\Modules\M365DSCReverse.psm1: line 682
at Export-M365DSCConfiguration, C:\Program Files\WindowsPowerShell\Modules\Microsoft365DSC\1.24.619.1\Modules\M365DSCUtil.psm1: line 1377
at <ScriptBlock>, <No file>: line 1
TenantId: interstellaroperations.onmicrosoft.com



[2024/07/01 01:04:57]
{InvalidOperation}
System.Management.Automation.RuntimeException: You cannot call a method on a null-valued expression.
   at System.Management.Automation.ExceptionHandlingOps.CheckActionPreference(FunctionContext funcContext, Exception exception)
   at Get-M365DSCExportContentForResource(Closure, FunctionContext)
   at System.Management.Automation.PSScriptCmdlet.RunClause(Action`1 clause, Object dollarUnderbar, Object inputToProcess)
   at System.Management.Automation.CommandProcessorBase.Complete()
"Error during Export:"
at Get-M365DSCExportContentForResource, C:\Program Files\WindowsPowerShell\Modules\Microsoft365DSC\1.24.619.1\Modules\M365DSCUtil.psm1: line 3449
at Export-TargetResource, C:\Program Files\WindowsPowerShell\Modules\Microsoft365DSC\1.24.619.1\DSCResources\MSFT_IntuneAppProtectionPolicyAndroid\MSFT_IntuneAppProtectionPolicyAndroid.psm1: line 1144
at Start-M365DSCConfigurationExtract, C:\Program Files\WindowsPowerShell\Modules\Microsoft365DSC\1.24.619.1\Modules\M365DSCReverse.psm1: line 682
at Export-M365DSCConfiguration, C:\Program Files\WindowsPowerShell\Modules\Microsoft365DSC\1.24.619.1\Modules\M365DSCUtil.psm1: line 1377
at <ScriptBlock>, <No file>: line 1
TenantId: interstellaroperations.onmicrosoft.com



[2024/07/01 01:04:58]
{InvalidOperation}
System.Management.Automation.RuntimeException: You cannot call a method on a null-valued expression.
   at System.Management.Automation.ExceptionHandlingOps.CheckActionPreference(FunctionContext funcContext, Exception exception)
   at Get-M365DSCExportContentForResource(Closure, FunctionContext)
   at System.Management.Automation.PSScriptCmdlet.RunClause(Action`1 clause, Object dollarUnderbar, Object inputToProcess)
   at System.Management.Automation.CommandProcessorBase.Complete()
"Error during Export:"
at Get-M365DSCExportContentForResource, C:\Program Files\WindowsPowerShell\Modules\Microsoft365DSC\1.24.619.1\Modules\M365DSCUtil.psm1: line 3449
at Export-TargetResource, C:\Program Files\WindowsPowerShell\Modules\Microsoft365DSC\1.24.619.1\DSCResources\MSFT_IntuneAppProtectionPolicyiOS\MSFT_IntuneAppProtectionPolicyiOS.psm1: line 1191
at Start-M365DSCConfigurationExtract, C:\Program Files\WindowsPowerShell\Modules\Microsoft365DSC\1.24.619.1\Modules\M365DSCReverse.psm1: line 682
at Export-M365DSCConfiguration, C:\Program Files\WindowsPowerShell\Modules\Microsoft365DSC\1.24.619.1\Modules\M365DSCUtil.psm1: line 1377
at <ScriptBlock>, <No file>: line 1
TenantId: interstellaroperations.onmicrosoft.com



[2024/07/01 01:04:59]
{InvalidOperation}
System.Management.Automation.RuntimeException: You cannot call a method on a null-valued expression.
   at System.Management.Automation.ExceptionHandlingOps.CheckActionPreference(FunctionContext funcContext, Exception exception)
   at Get-M365DSCExportContentForResource(Closure, FunctionContext)
   at System.Management.Automation.PSScriptCmdlet.RunClause(Action`1 clause, Object dollarUnderbar, Object inputToProcess)
   at System.Management.Automation.CommandProcessorBase.Complete()
"Error during Export:"
at Get-M365DSCExportContentForResource, C:\Program Files\WindowsPowerShell\Modules\Microsoft365DSC\1.24.619.1\Modules\M365DSCUtil.psm1: line 3449
at Export-TargetResource, C:\Program Files\WindowsPowerShell\Modules\Microsoft365DSC\1.24.619.1\DSCResources\MSFT_IntuneDeviceAndAppManagementAssignmentFilter\MSFT_IntuneDeviceAndAppManagementAssignmentFilter.psm1: line 455
at Start-M365DSCConfigurationExtract, C:\Program Files\WindowsPowerShell\Modules\Microsoft365DSC\1.24.619.1\Modules\M365DSCReverse.psm1: line 682
at Export-M365DSCConfiguration, C:\Program Files\WindowsPowerShell\Modules\Microsoft365DSC\1.24.619.1\Modules\M365DSCUtil.psm1: line 1377
at <ScriptBlock>, <No file>: line 1
TenantId: interstellaroperations.onmicrosoft.com



[2024/07/01 01:04:59]
{InvalidOperation}
System.Management.Automation.RuntimeException: You cannot call a method on a null-valued expression.
   at System.Management.Automation.ExceptionHandlingOps.CheckActionPreference(FunctionContext funcContext, Exception exception)
   at Get-M365DSCExportContentForResource(Closure, FunctionContext)
   at System.Management.Automation.PSScriptCmdlet.RunClause(Action`1 clause, Object dollarUnderbar, Object inputToProcess)
   at System.Management.Automation.CommandProcessorBase.Complete()
"Error during Export:"
at Get-M365DSCExportContentForResource, C:\Program Files\WindowsPowerShell\Modules\Microsoft365DSC\1.24.619.1\Modules\M365DSCUtil.psm1: line 3449
at Export-TargetResource, C:\Program Files\WindowsPowerShell\Modules\Microsoft365DSC\1.24.619.1\DSCResources\MSFT_IntuneDeviceCleanupRule\MSFT_IntuneDeviceCleanupRule.psm1: line 383
at Start-M365DSCConfigurationExtract, C:\Program Files\WindowsPowerShell\Modules\Microsoft365DSC\1.24.619.1\Modules\M365DSCReverse.psm1: line 682
at Export-M365DSCConfiguration, C:\Program Files\WindowsPowerShell\Modules\Microsoft365DSC\1.24.619.1\Modules\M365DSCUtil.psm1: line 1377
at <ScriptBlock>, <No file>: line 1
TenantId: interstellaroperations.onmicrosoft.com



[2024/07/01 01:05:01]
{InvalidOperation}
System.Management.Automation.RuntimeException: You cannot call a method on a null-valued expression.
   at System.Management.Automation.ExceptionHandlingOps.CheckActionPreference(FunctionContext funcContext, Exception exception)
   at Get-M365DSCExportContentForResource(Closure, FunctionContext)
   at System.Management.Automation.PSScriptCmdlet.RunClause(Action`1 clause, Object dollarUnderbar, Object inputToProcess)
   at System.Management.Automation.CommandProcessorBase.Complete()
"Error during Export:"
at Get-M365DSCExportContentForResource, C:\Program Files\WindowsPowerShell\Modules\Microsoft365DSC\1.24.619.1\Modules\M365DSCUtil.psm1: line 3449
at Export-TargetResource, C:\Program Files\WindowsPowerShell\Modules\Microsoft365DSC\1.24.619.1\DSCResources\MSFT_IntuneDeviceCompliancePolicyMacOS\MSFT_IntuneDeviceCompliancePolicyMacOS.psm1: line 787
at Start-M365DSCConfigurationExtract, C:\Program Files\WindowsPowerShell\Modules\Microsoft365DSC\1.24.619.1\Modules\M365DSCReverse.psm1: line 682
at Export-M365DSCConfiguration, C:\Program Files\WindowsPowerShell\Modules\Microsoft365DSC\1.24.619.1\Modules\M365DSCUtil.psm1: line 1377
at <ScriptBlock>, <No file>: line 1
TenantId: interstellaroperations.onmicrosoft.com



[2024/07/01 01:05:02]
{InvalidOperation}
System.Management.Automation.RuntimeException: You cannot call a method on a null-valued expression.
   at System.Management.Automation.ExceptionHandlingOps.CheckActionPreference(FunctionContext funcContext, Exception exception)
   at Get-M365DSCExportContentForResource(Closure, FunctionContext)
   at System.Management.Automation.PSScriptCmdlet.RunClause(Action`1 clause, Object dollarUnderbar, Object inputToProcess)
   at System.Management.Automation.CommandProcessorBase.Complete()
"Error during Export:"
at Get-M365DSCExportContentForResource, C:\Program Files\WindowsPowerShell\Modules\Microsoft365DSC\1.24.619.1\Modules\M365DSCUtil.psm1: line 3449
at Export-TargetResource, C:\Program Files\WindowsPowerShell\Modules\Microsoft365DSC\1.24.619.1\DSCResources\MSFT_IntuneDeviceCompliancePolicyWindows10\MSFT_IntuneDeviceCompliancePolicyWindows10.psm1: line 907
at Start-M365DSCConfigurationExtract, C:\Program Files\WindowsPowerShell\Modules\Microsoft365DSC\1.24.619.1\Modules\M365DSCReverse.psm1: line 682
at Export-M365DSCConfiguration, C:\Program Files\WindowsPowerShell\Modules\Microsoft365DSC\1.24.619.1\Modules\M365DSCUtil.psm1: line 1377
at <ScriptBlock>, <No file>: line 1
TenantId: interstellaroperations.onmicrosoft.com



[2024/07/01 01:05:03]
{InvalidOperation}
System.Management.Automation.RuntimeException: You cannot call a method on a null-valued expression.
   at System.Management.Automation.ExceptionHandlingOps.CheckActionPreference(FunctionContext funcContext, Exception exception)
   at Get-M365DSCExportContentForResource(Closure, FunctionContext)
   at System.Management.Automation.PSScriptCmdlet.RunClause(Action`1 clause, Object dollarUnderbar, Object inputToProcess)
   at System.Management.Automation.CommandProcessorBase.Complete()
"Error during Export:"
at Get-M365DSCExportContentForResource, C:\Program Files\WindowsPowerShell\Modules\Microsoft365DSC\1.24.619.1\Modules\M365DSCUtil.psm1: line 3449
at Export-TargetResource, C:\Program Files\WindowsPowerShell\Modules\Microsoft365DSC\1.24.619.1\DSCResources\MSFT_IntuneDeviceConfigurationAdministrativeTemplatePolicyWindows10\MSFT_IntuneDeviceConfigurationAdministrativeTemplatePolicyWindows10.psm1: line 922
at Start-M365DSCConfigurationExtract, C:\Program Files\WindowsPowerShell\Modules\Microsoft365DSC\1.24.619.1\Modules\M365DSCReverse.psm1: line 682
at Export-M365DSCConfiguration, C:\Program Files\WindowsPowerShell\Modules\Microsoft365DSC\1.24.619.1\Modules\M365DSCUtil.psm1: line 1377
at <ScriptBlock>, <No file>: line 1
TenantId: interstellaroperations.onmicrosoft.com



[2024/07/01 01:05:04]
{InvalidOperation}
System.Management.Automation.RuntimeException: You cannot call a method on a null-valued expression.
   at System.Management.Automation.ExceptionHandlingOps.CheckActionPreference(FunctionContext funcContext, Exception exception)
   at Get-M365DSCExportContentForResource(Closure, FunctionContext)
   at System.Management.Automation.PSScriptCmdlet.RunClause(Action`1 clause, Object dollarUnderbar, Object inputToProcess)
   at System.Management.Automation.CommandProcessorBase.Complete()
"Error during Export:"
at Get-M365DSCExportContentForResource, C:\Program Files\WindowsPowerShell\Modules\Microsoft365DSC\1.24.619.1\Modules\M365DSCUtil.psm1: line 3449
at Export-TargetResource, C:\Program Files\WindowsPowerShell\Modules\Microsoft365DSC\1.24.619.1\DSCResources\MSFT_IntuneDeviceConfigurationCustomPolicyWindows10\MSFT_IntuneDeviceConfigurationCustomPolicyWindows10.psm1: line 671
at Start-M365DSCConfigurationExtract, C:\Program Files\WindowsPowerShell\Modules\Microsoft365DSC\1.24.619.1\Modules\M365DSCReverse.psm1: line 682
at Export-M365DSCConfiguration, C:\Program Files\WindowsPowerShell\Modules\Microsoft365DSC\1.24.619.1\Modules\M365DSCUtil.psm1: line 1377
at <ScriptBlock>, <No file>: line 1
TenantId: interstellaroperations.onmicrosoft.com



[2024/07/01 01:05:04]
{InvalidOperation}
System.Management.Automation.RuntimeException: You cannot call a method on a null-valued expression.
   at System.Management.Automation.ExceptionHandlingOps.CheckActionPreference(FunctionContext funcContext, Exception exception)
   at Get-M365DSCExportContentForResource(Closure, FunctionContext)
   at System.Management.Automation.PSScriptCmdlet.RunClause(Action`1 clause, Object dollarUnderbar, Object inputToProcess)
   at System.Management.Automation.CommandProcessorBase.Complete()
"Error during Export:"
at Get-M365DSCExportContentForResource, C:\Program Files\WindowsPowerShell\Modules\Microsoft365DSC\1.24.619.1\Modules\M365DSCUtil.psm1: line 3449
at Export-TargetResource, C:\Program Files\WindowsPowerShell\Modules\Microsoft365DSC\1.24.619.1\DSCResources\MSFT_IntuneDeviceConfigurationDeliveryOptimizationPolicyWindows10\MSFT_IntuneDeviceConfigurationDeliveryOptimizationPolicyWindows10.psm1: line 938
at Start-M365DSCConfigurationExtract, C:\Program Files\WindowsPowerShell\Modules\Microsoft365DSC\1.24.619.1\Modules\M365DSCReverse.psm1: line 682
at Export-M365DSCConfiguration, C:\Program Files\WindowsPowerShell\Modules\Microsoft365DSC\1.24.619.1\Modules\M365DSCUtil.psm1: line 1377
at <ScriptBlock>, <No file>: line 1
TenantId: interstellaroperations.onmicrosoft.com



[2024/07/01 01:05:06]
{InvalidOperation}
System.Management.Automation.RuntimeException: You cannot call a method on a null-valued expression.
   at System.Management.Automation.ExceptionHandlingOps.CheckActionPreference(FunctionContext funcContext, Exception exception)
   at Get-M365DSCExportContentForResource(Closure, FunctionContext)
   at System.Management.Automation.PSScriptCmdlet.RunClause(Action`1 clause, Object dollarUnderbar, Object inputToProcess)
   at System.Management.Automation.CommandProcessorBase.Complete()
"Error during Export:"
at Get-M365DSCExportContentForResource, C:\Program Files\WindowsPowerShell\Modules\Microsoft365DSC\1.24.619.1\Modules\M365DSCUtil.psm1: line 3449
at Export-TargetResource, C:\Program Files\WindowsPowerShell\Modules\Microsoft365DSC\1.24.619.1\DSCResources\MSFT_IntuneDeviceConfigurationFirmwareInterfacePolicyWindows10\MSFT_IntuneDeviceConfigurationFirmwareInterfacePolicyWindows10.psm1: line 1014
at Start-M365DSCConfigurationExtract, C:\Program Files\WindowsPowerShell\Modules\Microsoft365DSC\1.24.619.1\Modules\M365DSCReverse.psm1: line 682
at Export-M365DSCConfiguration, C:\Program Files\WindowsPowerShell\Modules\Microsoft365DSC\1.24.619.1\Modules\M365DSCUtil.psm1: line 1377
at <ScriptBlock>, <No file>: line 1
TenantId: interstellaroperations.onmicrosoft.com



[2024/07/01 01:05:06]
{InvalidOperation}
System.Management.Automation.RuntimeException: You cannot call a method on a null-valued expression.
   at System.Management.Automation.ExceptionHandlingOps.CheckActionPreference(FunctionContext funcContext, Exception exception)
   at Get-M365DSCExportContentForResource(Closure, FunctionContext)
   at System.Management.Automation.PSScriptCmdlet.RunClause(Action`1 clause, Object dollarUnderbar, Object inputToProcess)
   at System.Management.Automation.CommandProcessorBase.Complete()
"Error during Export:"
at Get-M365DSCExportContentForResource, C:\Program Files\WindowsPowerShell\Modules\Microsoft365DSC\1.24.619.1\Modules\M365DSCUtil.psm1: line 3449
at Export-TargetResource, C:\Program Files\WindowsPowerShell\Modules\Microsoft365DSC\1.24.619.1\DSCResources\MSFT_IntuneDeviceConfigurationHealthMonitoringConfigurationPolicyWindows10\MSFT_IntuneDeviceConfigurationHealthMonitoringConfigurationPolicyWindows10.psm1: line 611
at Start-M365DSCConfigurationExtract, C:\Program Files\WindowsPowerShell\Modules\Microsoft365DSC\1.24.619.1\Modules\M365DSCReverse.psm1: line 682
at Export-M365DSCConfiguration, C:\Program Files\WindowsPowerShell\Modules\Microsoft365DSC\1.24.619.1\Modules\M365DSCUtil.psm1: line 1377
at <ScriptBlock>, <No file>: line 1
TenantId: interstellaroperations.onmicrosoft.com



[2024/07/01 01:05:09]
{InvalidOperation}
System.Management.Automation.RuntimeException: You cannot call a method on a null-valued expression.
   at System.Management.Automation.ExceptionHandlingOps.CheckActionPreference(FunctionContext funcContext, Exception exception)
   at Get-M365DSCExportContentForResource(Closure, FunctionContext)
   at System.Management.Automation.PSScriptCmdlet.RunClause(Action`1 clause, Object dollarUnderbar, Object inputToProcess)
   at System.Management.Automation.CommandProcessorBase.Complete()
"Error during Export:"
at Get-M365DSCExportContentForResource, C:\Program Files\WindowsPowerShell\Modules\Microsoft365DSC\1.24.619.1\Modules\M365DSCUtil.psm1: line 3449
at Export-TargetResource, C:\Program Files\WindowsPowerShell\Modules\Microsoft365DSC\1.24.619.1\DSCResources\MSFT_IntuneDeviceConfigurationPolicyMacOS\MSFT_IntuneDeviceConfigurationPolicyMacOS.psm1: line 1410
at Start-M365DSCConfigurationExtract, C:\Program Files\WindowsPowerShell\Modules\Microsoft365DSC\1.24.619.1\Modules\M365DSCReverse.psm1: line 682
at Export-M365DSCConfiguration, C:\Program Files\WindowsPowerShell\Modules\Microsoft365DSC\1.24.619.1\Modules\M365DSCUtil.psm1: line 1377
at <ScriptBlock>, <No file>: line 1
TenantId: interstellaroperations.onmicrosoft.com



[2024/07/01 01:05:10]
{InvalidOperation}
System.Management.Automation.RuntimeException: You cannot call a method on a null-valued expression.
   at System.Management.Automation.ExceptionHandlingOps.CheckActionPreference(FunctionContext funcContext, Exception exception)
   at Get-M365DSCExportContentForResource(Closure, FunctionContext)
   at System.Management.Automation.PSScriptCmdlet.RunClause(Action`1 clause, Object dollarUnderbar, Object inputToProcess)
   at System.Management.Automation.CommandProcessorBase.Complete()
"Error during Export:"
at Get-M365DSCExportContentForResource, C:\Program Files\WindowsPowerShell\Modules\Microsoft365DSC\1.24.619.1\Modules\M365DSCUtil.psm1: line 3449
at Export-TargetResource, C:\Program Files\WindowsPowerShell\Modules\Microsoft365DSC\1.24.619.1\DSCResources\MSFT_IntuneDeviceConfigurationPolicyWindows10\MSFT_IntuneDeviceConfigurationPolicyWindows10.psm1: line 4889
at Start-M365DSCConfigurationExtract, C:\Program Files\WindowsPowerShell\Modules\Microsoft365DSC\1.24.619.1\Modules\M365DSCReverse.psm1: line 682
at Export-M365DSCConfiguration, C:\Program Files\WindowsPowerShell\Modules\Microsoft365DSC\1.24.619.1\Modules\M365DSCUtil.psm1: line 1377
at <ScriptBlock>, <No file>: line 1
TenantId: interstellaroperations.onmicrosoft.com



[2024/07/01 01:05:11]
{InvalidOperation}
System.Management.Automation.RuntimeException: You cannot call a method on a null-valued expression.
   at System.Management.Automation.ExceptionHandlingOps.CheckActionPreference(FunctionContext funcContext, Exception exception)
   at Get-M365DSCExportContentForResource(Closure, FunctionContext)
   at System.Management.Automation.PSScriptCmdlet.RunClause(Action`1 clause, Object dollarUnderbar, Object inputToProcess)
   at System.Management.Automation.CommandProcessorBase.Complete()
"Error during Export:"
at Get-M365DSCExportContentForResource, C:\Program Files\WindowsPowerShell\Modules\Microsoft365DSC\1.24.619.1\Modules\M365DSCUtil.psm1: line 3449
at Export-TargetResource, C:\Program Files\WindowsPowerShell\Modules\Microsoft365DSC\1.24.619.1\DSCResources\MSFT_IntuneDeviceConfigurationSCEPCertificatePolicyWindows10\MSFT_IntuneDeviceConfigurationSCEPCertificatePolicyWindows10.psm1: line 972
at Start-M365DSCConfigurationExtract, C:\Program Files\WindowsPowerShell\Modules\Microsoft365DSC\1.24.619.1\Modules\M365DSCReverse.psm1: line 682
at Export-M365DSCConfiguration, C:\Program Files\WindowsPowerShell\Modules\Microsoft365DSC\1.24.619.1\Modules\M365DSCUtil.psm1: line 1377
at <ScriptBlock>, <No file>: line 1
TenantId: interstellaroperations.onmicrosoft.com



[2024/07/01 01:05:12]
{InvalidOperation}
System.Management.Automation.RuntimeException: You cannot call a method on a null-valued expression.
   at System.Management.Automation.ExceptionHandlingOps.CheckActionPreference(FunctionContext funcContext, Exception exception)
   at Get-M365DSCExportContentForResource(Closure, FunctionContext)
   at System.Management.Automation.PSScriptCmdlet.RunClause(Action`1 clause, Object dollarUnderbar, Object inputToProcess)
   at System.Management.Automation.CommandProcessorBase.Complete()
"Error during Export:"
at Get-M365DSCExportContentForResource, C:\Program Files\WindowsPowerShell\Modules\Microsoft365DSC\1.24.619.1\Modules\M365DSCUtil.psm1: line 3449
at Export-TargetResource, C:\Program Files\WindowsPowerShell\Modules\Microsoft365DSC\1.24.619.1\DSCResources\MSFT_IntuneDeviceConfigurationTrustedCertificatePolicyWindows10\MSFT_IntuneDeviceConfigurationTrustedCertificatePolicyWindows10.psm1: line 587
at Start-M365DSCConfigurationExtract, C:\Program Files\WindowsPowerShell\Modules\Microsoft365DSC\1.24.619.1\Modules\M365DSCReverse.psm1: line 682
at Export-M365DSCConfiguration, C:\Program Files\WindowsPowerShell\Modules\Microsoft365DSC\1.24.619.1\Modules\M365DSCUtil.psm1: line 1377
at <ScriptBlock>, <No file>: line 1
TenantId: interstellaroperations.onmicrosoft.com



[2024/07/01 01:05:14]
{InvalidOperation}
System.Management.Automation.RuntimeException: You cannot call a method on a null-valued expression.
   at System.Management.Automation.ExceptionHandlingOps.CheckActionPreference(FunctionContext funcContext, Exception exception)
   at Get-M365DSCExportContentForResource(Closure, FunctionContext)
   at System.Management.Automation.PSScriptCmdlet.RunClause(Action`1 clause, Object dollarUnderbar, Object inputToProcess)
   at System.Management.Automation.CommandProcessorBase.Complete()
"Error during Export:"
at Get-M365DSCExportContentForResource, C:\Program Files\WindowsPowerShell\Modules\Microsoft365DSC\1.24.619.1\Modules\M365DSCUtil.psm1: line 3449
at Export-TargetResource, C:\Program Files\WindowsPowerShell\Modules\Microsoft365DSC\1.24.619.1\DSCResources\MSFT_IntuneDeviceEnrollmentLimitRestriction\MSFT_IntuneDeviceEnrollmentLimitRestriction.psm1: line 384
at Start-M365DSCConfigurationExtract, C:\Program Files\WindowsPowerShell\Modules\Microsoft365DSC\1.24.619.1\Modules\M365DSCReverse.psm1: line 682
at Export-M365DSCConfiguration, C:\Program Files\WindowsPowerShell\Modules\Microsoft365DSC\1.24.619.1\Modules\M365DSCUtil.psm1: line 1377
at <ScriptBlock>, <No file>: line 1
TenantId: interstellaroperations.onmicrosoft.com



[2024/07/01 01:05:14]
{InvalidOperation}
System.Management.Automation.RuntimeException: You cannot call a method on a null-valued expression.
   at System.Management.Automation.ExceptionHandlingOps.CheckActionPreference(FunctionContext funcContext, Exception exception)
   at Get-M365DSCExportContentForResource(Closure, FunctionContext)
   at System.Management.Automation.PSScriptCmdlet.RunClause(Action`1 clause, Object dollarUnderbar, Object inputToProcess)
   at System.Management.Automation.CommandProcessorBase.Complete()
"Error during Export:"
at Get-M365DSCExportContentForResource, C:\Program Files\WindowsPowerShell\Modules\Microsoft365DSC\1.24.619.1\Modules\M365DSCUtil.psm1: line 3449
at Export-TargetResource, C:\Program Files\WindowsPowerShell\Modules\Microsoft365DSC\1.24.619.1\DSCResources\MSFT_IntuneDeviceEnrollmentPlatformRestriction\MSFT_IntuneDeviceEnrollmentPlatformRestriction.psm1: line 869
at Start-M365DSCConfigurationExtract, C:\Program Files\WindowsPowerShell\Modules\Microsoft365DSC\1.24.619.1\Modules\M365DSCReverse.psm1: line 682
at Export-M365DSCConfiguration, C:\Program Files\WindowsPowerShell\Modules\Microsoft365DSC\1.24.619.1\Modules\M365DSCUtil.psm1: line 1377
at <ScriptBlock>, <No file>: line 1
TenantId: interstellaroperations.onmicrosoft.com



[2024/07/01 01:05:16]
{InvalidOperation}
System.Management.Automation.RuntimeException: You cannot call a method on a null-valued expression.
   at System.Management.Automation.ExceptionHandlingOps.CheckActionPreference(FunctionContext funcContext, Exception exception)
   at Get-M365DSCExportContentForResource(Closure, FunctionContext)
   at System.Management.Automation.PSScriptCmdlet.RunClause(Action`1 clause, Object dollarUnderbar, Object inputToProcess)
   at System.Management.Automation.CommandProcessorBase.Complete()
"Error during Export:"
at Get-M365DSCExportContentForResource, C:\Program Files\WindowsPowerShell\Modules\Microsoft365DSC\1.24.619.1\Modules\M365DSCUtil.psm1: line 3449
at Export-TargetResource, C:\Program Files\WindowsPowerShell\Modules\Microsoft365DSC\1.24.619.1\DSCResources\MSFT_IntuneDeviceEnrollmentStatusPageWindows10\MSFT_IntuneDeviceEnrollmentStatusPageWindows10.psm1: line 781
at Start-M365DSCConfigurationExtract, C:\Program Files\WindowsPowerShell\Modules\Microsoft365DSC\1.24.619.1\Modules\M365DSCReverse.psm1: line 682
at Export-M365DSCConfiguration, C:\Program Files\WindowsPowerShell\Modules\Microsoft365DSC\1.24.619.1\Modules\M365DSCUtil.psm1: line 1377
at <ScriptBlock>, <No file>: line 1
TenantId: interstellaroperations.onmicrosoft.com



[2024/07/01 01:05:17]
{InvalidOperation}
System.Management.Automation.RuntimeException: You cannot call a method on a null-valued expression.
   at System.Management.Automation.ExceptionHandlingOps.CheckActionPreference(FunctionContext funcContext, Exception exception)
   at Get-M365DSCExportContentForResource(Closure, FunctionContext)
   at System.Management.Automation.PSScriptCmdlet.RunClause(Action`1 clause, Object dollarUnderbar, Object inputToProcess)
   at System.Management.Automation.CommandProcessorBase.Complete()
"Error during Export:"
at Get-M365DSCExportContentForResource, C:\Program Files\WindowsPowerShell\Modules\Microsoft365DSC\1.24.619.1\Modules\M365DSCUtil.psm1: line 3449
at Export-TargetResource, C:\Program Files\WindowsPowerShell\Modules\Microsoft365DSC\1.24.619.1\DSCResources\MSFT_IntuneEndpointDetectionAndResponsePolicyWindows10\MSFT_IntuneEndpointDetectionAndResponsePolicyWindows10.psm1: line 615
at Start-M365DSCConfigurationExtract, C:\Program Files\WindowsPowerShell\Modules\Microsoft365DSC\1.24.619.1\Modules\M365DSCReverse.psm1: line 682
at Export-M365DSCConfiguration, C:\Program Files\WindowsPowerShell\Modules\Microsoft365DSC\1.24.619.1\Modules\M365DSCUtil.psm1: line 1377
at <ScriptBlock>, <No file>: line 1
TenantId: interstellaroperations.onmicrosoft.com



[2024/07/01 01:05:20]
{InvalidOperation}
System.Management.Automation.RuntimeException: You cannot call a method on a null-valued expression.
   at System.Management.Automation.ExceptionHandlingOps.CheckActionPreference(FunctionContext funcContext, Exception exception)
   at Get-M365DSCExportContentForResource(Closure, FunctionContext)
   at System.Management.Automation.PSScriptCmdlet.RunClause(Action`1 clause, Object dollarUnderbar, Object inputToProcess)
   at System.Management.Automation.CommandProcessorBase.Complete()
"Error during Export:"
at Get-M365DSCExportContentForResource, C:\Program Files\WindowsPowerShell\Modules\Microsoft365DSC\1.24.619.1\Modules\M365DSCUtil.psm1: line 3449
at Export-TargetResource, C:\Program Files\WindowsPowerShell\Modules\Microsoft365DSC\1.24.619.1\DSCResources\MSFT_IntuneRoleAssignment\MSFT_IntuneRoleAssignment.psm1: line 717
at Start-M365DSCConfigurationExtract, C:\Program Files\WindowsPowerShell\Modules\Microsoft365DSC\1.24.619.1\Modules\M365DSCReverse.psm1: line 682
at Export-M365DSCConfiguration, C:\Program Files\WindowsPowerShell\Modules\Microsoft365DSC\1.24.619.1\Modules\M365DSCUtil.psm1: line 1377
at <ScriptBlock>, <No file>: line 1
TenantId: interstellaroperations.onmicrosoft.com



[2024/07/01 01:05:20]
{InvalidOperation}
System.Management.Automation.RuntimeException: You cannot call a method on a null-valued expression.
   at System.Management.Automation.ExceptionHandlingOps.CheckActionPreference(FunctionContext funcContext, Exception exception)
   at Get-M365DSCExportContentForResource(Closure, FunctionContext)
   at System.Management.Automation.PSScriptCmdlet.RunClause(Action`1 clause, Object dollarUnderbar, Object inputToProcess)
   at System.Management.Automation.CommandProcessorBase.Complete()
"Error during Export:"
at Get-M365DSCExportContentForResource, C:\Program Files\WindowsPowerShell\Modules\Microsoft365DSC\1.24.619.1\Modules\M365DSCUtil.psm1: line 3449
at Export-TargetResource, C:\Program Files\WindowsPowerShell\Modules\Microsoft365DSC\1.24.619.1\DSCResources\MSFT_IntuneRoleDefinition\MSFT_IntuneRoleDefinition.psm1: line 556
at Start-M365DSCConfigurationExtract, C:\Program Files\WindowsPowerShell\Modules\Microsoft365DSC\1.24.619.1\Modules\M365DSCReverse.psm1: line 682
at Export-M365DSCConfiguration, C:\Program Files\WindowsPowerShell\Modules\Microsoft365DSC\1.24.619.1\Modules\M365DSCUtil.psm1: line 1377
at <ScriptBlock>, <No file>: line 1
TenantId: interstellaroperations.onmicrosoft.com



[2024/07/01 01:05:22]
{InvalidOperation}
System.Management.Automation.RuntimeException: You cannot call a method on a null-valued expression.
   at System.Management.Automation.ExceptionHandlingOps.CheckActionPreference(FunctionContext funcContext, Exception exception)
   at Get-M365DSCExportContentForResource(Closure, FunctionContext)
   at System.Management.Automation.PSScriptCmdlet.RunClause(Action`1 clause, Object dollarUnderbar, Object inputToProcess)
   at System.Management.Automation.CommandProcessorBase.Complete()
"Error during Export:"
at Get-M365DSCExportContentForResource, C:\Program Files\WindowsPowerShell\Modules\Microsoft365DSC\1.24.619.1\Modules\M365DSCUtil.psm1: line 3449
at Export-TargetResource, C:\Program Files\WindowsPowerShell\Modules\Microsoft365DSC\1.24.619.1\DSCResources\MSFT_IntuneSettingCatalogASRRulesPolicyWindows10\MSFT_IntuneSettingCatalogASRRulesPolicyWindows10.psm1: line 962
at Start-M365DSCConfigurationExtract, C:\Program Files\WindowsPowerShell\Modules\Microsoft365DSC\1.24.619.1\Modules\M365DSCReverse.psm1: line 682
at Export-M365DSCConfiguration, C:\Program Files\WindowsPowerShell\Modules\Microsoft365DSC\1.24.619.1\Modules\M365DSCUtil.psm1: line 1377
at <ScriptBlock>, <No file>: line 1
TenantId: interstellaroperations.onmicrosoft.com



[2024/07/01 01:05:23]
{InvalidOperation}
System.Management.Automation.RuntimeException: You cannot call a method on a null-valued expression.
   at System.Management.Automation.ExceptionHandlingOps.CheckActionPreference(FunctionContext funcContext, Exception exception)
   at Get-M365DSCExportContentForResource(Closure, FunctionContext)
   at System.Management.Automation.PSScriptCmdlet.RunClause(Action`1 clause, Object dollarUnderbar, Object inputToProcess)
   at System.Management.Automation.CommandProcessorBase.Complete()
"Error during Export:"
at Get-M365DSCExportContentForResource, C:\Program Files\WindowsPowerShell\Modules\Microsoft365DSC\1.24.619.1\Modules\M365DSCUtil.psm1: line 3449
at Export-TargetResource, C:\Program Files\WindowsPowerShell\Modules\Microsoft365DSC\1.24.619.1\DSCResources\MSFT_IntuneSettingCatalogCustomPolicyWindows10\MSFT_IntuneSettingCatalogCustomPolicyWindows10.psm1: line 715
at Start-M365DSCConfigurationExtract, C:\Program Files\WindowsPowerShell\Modules\Microsoft365DSC\1.24.619.1\Modules\M365DSCReverse.psm1: line 682
at Export-M365DSCConfiguration, C:\Program Files\WindowsPowerShell\Modules\Microsoft365DSC\1.24.619.1\Modules\M365DSCUtil.psm1: line 1377
at <ScriptBlock>, <No file>: line 1
TenantId: interstellaroperations.onmicrosoft.com



[2024/07/01 01:05:24]
{InvalidOperation}
System.Management.Automation.RuntimeException: You cannot call a method on a null-valued expression.
   at System.Management.Automation.ExceptionHandlingOps.CheckActionPreference(FunctionContext funcContext, Exception exception)
   at Get-M365DSCExportContentForResource(Closure, FunctionContext)
   at System.Management.Automation.PSScriptCmdlet.RunClause(Action`1 clause, Object dollarUnderbar, Object inputToProcess)
   at System.Management.Automation.CommandProcessorBase.Complete()
"Error during Export:"
at Get-M365DSCExportContentForResource, C:\Program Files\WindowsPowerShell\Modules\Microsoft365DSC\1.24.619.1\Modules\M365DSCUtil.psm1: line 3449
at Export-TargetResource, C:\Program Files\WindowsPowerShell\Modules\Microsoft365DSC\1.24.619.1\DSCResources\MSFT_IntuneWifiConfigurationPolicyMacOS\MSFT_IntuneWifiConfigurationPolicyMacOS.psm1: line 739
at Start-M365DSCConfigurationExtract, C:\Program Files\WindowsPowerShell\Modules\Microsoft365DSC\1.24.619.1\Modules\M365DSCReverse.psm1: line 682
at Export-M365DSCConfiguration, C:\Program Files\WindowsPowerShell\Modules\Microsoft365DSC\1.24.619.1\Modules\M365DSCUtil.psm1: line 1377
at <ScriptBlock>, <No file>: line 1
TenantId: interstellaroperations.onmicrosoft.com



[2024/07/01 01:05:25]
{InvalidOperation}
System.Management.Automation.RuntimeException: You cannot call a method on a null-valued expression.
   at System.Management.Automation.ExceptionHandlingOps.CheckActionPreference(FunctionContext funcContext, Exception exception)
   at Get-M365DSCExportContentForResource(Closure, FunctionContext)
   at System.Management.Automation.PSScriptCmdlet.RunClause(Action`1 clause, Object dollarUnderbar, Object inputToProcess)
   at System.Management.Automation.CommandProcessorBase.Complete()
"Error during Export:"
at Get-M365DSCExportContentForResource, C:\Program Files\WindowsPowerShell\Modules\Microsoft365DSC\1.24.619.1\Modules\M365DSCUtil.psm1: line 3449
at Export-TargetResource, C:\Program Files\WindowsPowerShell\Modules\Microsoft365DSC\1.24.619.1\DSCResources\MSFT_IntuneWifiConfigurationPolicyWindows10\MSFT_IntuneWifiConfigurationPolicyWindows10.psm1: line 782
at Start-M365DSCConfigurationExtract, C:\Program Files\WindowsPowerShell\Modules\Microsoft365DSC\1.24.619.1\Modules\M365DSCReverse.psm1: line 682
at Export-M365DSCConfiguration, C:\Program Files\WindowsPowerShell\Modules\Microsoft365DSC\1.24.619.1\Modules\M365DSCUtil.psm1: line 1377
at <ScriptBlock>, <No file>: line 1
TenantId: interstellaroperations.onmicrosoft.com



[2024/07/01 01:05:26]
{InvalidOperation}
System.Management.Automation.RuntimeException: You cannot call a method on a null-valued expression.
   at System.Management.Automation.ExceptionHandlingOps.CheckActionPreference(FunctionContext funcContext, Exception exception)
   at Get-M365DSCExportContentForResource(Closure, FunctionContext)
   at System.Management.Automation.PSScriptCmdlet.RunClause(Action`1 clause, Object dollarUnderbar, Object inputToProcess)
   at System.Management.Automation.CommandProcessorBase.Complete()
"Error during Export:"
at Get-M365DSCExportContentForResource, C:\Program Files\WindowsPowerShell\Modules\Microsoft365DSC\1.24.619.1\Modules\M365DSCUtil.psm1: line 3449
at Export-TargetResource, C:\Program Files\WindowsPowerShell\Modules\Microsoft365DSC\1.24.619.1\DSCResources\MSFT_IntuneWindowsAutopilotDeploymentProfileAzureADJoined\MSFT_IntuneWindowsAutopilotDeploymentProfileAzureADJoined.psm1: line 768
at Start-M365DSCConfigurationExtract, C:\Program Files\WindowsPowerShell\Modules\Microsoft365DSC\1.24.619.1\Modules\M365DSCReverse.psm1: line 682
at Export-M365DSCConfiguration, C:\Program Files\WindowsPowerShell\Modules\Microsoft365DSC\1.24.619.1\Modules\M365DSCUtil.psm1: line 1377
at <ScriptBlock>, <No file>: line 1
TenantId: interstellaroperations.onmicrosoft.com



[2024/07/01 01:05:26]
{InvalidOperation}
System.Management.Automation.RuntimeException: You cannot call a method on a null-valued expression.
   at System.Management.Automation.ExceptionHandlingOps.CheckActionPreference(FunctionContext funcContext, Exception exception)
   at Get-M365DSCExportContentForResource(Closure, FunctionContext)
   at System.Management.Automation.PSScriptCmdlet.RunClause(Action`1 clause, Object dollarUnderbar, Object inputToProcess)
   at System.Management.Automation.CommandProcessorBase.Complete()
"Error during Export:"
at Get-M365DSCExportContentForResource, C:\Program Files\WindowsPowerShell\Modules\Microsoft365DSC\1.24.619.1\Modules\M365DSCUtil.psm1: line 3449
at Export-TargetResource, C:\Program Files\WindowsPowerShell\Modules\Microsoft365DSC\1.24.619.1\DSCResources\MSFT_IntuneWindowsUpdateForBusinessFeatureUpdateProfileWindows10\MSFT_IntuneWindowsUpdateForBusinessFeatureUpdateProfileWindows10.psm1: line 600
at Start-M365DSCConfigurationExtract, C:\Program Files\WindowsPowerShell\Modules\Microsoft365DSC\1.24.619.1\Modules\M365DSCReverse.psm1: line 682
at Export-M365DSCConfiguration, C:\Program Files\WindowsPowerShell\Modules\Microsoft365DSC\1.24.619.1\Modules\M365DSCUtil.psm1: line 1377
at <ScriptBlock>, <No file>: line 1
TenantId: interstellaroperations.onmicrosoft.com



